<?xml version="1.0" encoding="UTF-8"?>
<!-- Generated by org.testng.reporters.JUnitReportReporter -->
<testsuite hostname="Hamizersz" failures="0" tests="10" name="computerstore_test.units.ComputerTenConstructorsTest" time="0.009" errors="0" timestamp="2025-08-14T12:06:53 MYT" skipped="0">
  <testcase classname="computerstore_test.units.ComputerTenConstructorsTest" name="constructor_setsAllFields_correctly" time="0.000"/>
  <testcase classname="computerstore_test.units.ComputerTenConstructorsTest" name="constructor_setsAllFields_correctly" time="0.000"/>
  <testcase classname="computerstore_test.units.ComputerTenConstructorsTest" name="constructor_setsAllFields_correctly" time="0.000"/>
  <testcase classname="computerstore_test.units.ComputerTenConstructorsTest" name="constructor_setsAllFields_correctly" time="0.000"/>
  <testcase classname="computerstore_test.units.ComputerTenConstructorsTest" name="constructor_setsAllFields_correctly" time="0.001"/>
  <testcase classname="computerstore_test.units.ComputerTenConstructorsTest" name="constructor_setsAllFields_correctly" time="0.000"/>
  <testcase classname="computerstore_test.units.ComputerTenConstructorsTest" name="constructor_setsAllFields_correctly" time="0.006"/>
  <testcase classname="computerstore_test.units.ComputerTenConstructorsTest" name="constructor_setsAllFields_correctly" time="0.000"/>
  <testcase classname="computerstore_test.units.ComputerTenConstructorsTest" name="constructor_setsAllFields_correctly" time="0.000"/>
  <testcase classname="computerstore_test.units.ComputerTenConstructorsTest" name="constructor_setsAllFields_correctly" time="0.002"/>
</testsuite> <!-- computerstore_test.units.ComputerTenConstructorsTest -->
