<?xml version="1.0" encoding="UTF-8"?>
<!-- Generated by org.testng.reporters.JUnitReportReporter -->
<testsuite hostname="Hamizersz" failures="0" tests="1" name="TestComputerStore.TestComputerStore" time="0.273" errors="0" timestamp="2025-08-13T16:24:36 MYT" skipped="0">
  <testcase classname="TestComputerStore.TestComputerStore" name="testLoginMenu" time="0.273"/>
</testsuite> <!-- TestComputerStore.TestComputerStore -->
