<?xml version="1.0" encoding="UTF-8"?>
<!-- Generated by org.testng.reporters.JUnitReportReporter -->
<testsuite hostname="Hamizersz" failures="0" tests="1" name="computerstore_test.TestComputerStore" time="0.296" errors="0" timestamp="2025-08-13T18:22:26 MYT" skipped="0">
  <testcase classname="computerstore_test.TestComputerStore" name="testLoginMenu" time="0.296"/>
</testsuite> <!-- computerstore_test.TestComputerStore -->
