<?xml version="1.0" encoding="UTF-8"?>
<!-- Generated by org.testng.reporters.JUnitReportReporter -->
<testsuite hostname="Hamizersz" failures="0" tests="1" name="TestComputerStore" time="0.205" errors="0" timestamp="2025-08-13T15:07:13 MYT" skipped="0">
  <testcase classname="TestComputerStore" name="testAdd" time="0.205"/>
</testsuite> <!-- TestComputerStore -->
