<?xml version="1.0" encoding="UTF-8"?>
<!-- Generated by org.testng.reporters.JUnitReportReporter -->
<testsuite hostname="Hamizersz" failures="0" tests="1" name="FirstTestNGTest" time="0.219" errors="0" timestamp="2025-08-13T15:03:39 MYT" skipped="0">
  <testcase classname="FirstTestNGTest" name="testAdd" time="0.219"/>
</testsuite> <!-- FirstTestNGTest -->
