<?xml version="1.0" encoding="UTF-8"?>
<!-- Generated by org.testng.reporters.JUnitReportReporter -->
<testsuite hostname="Hamizersz" failures="0" tests="10" name="computerstore_test.unit.ComputerConstructorsTest" time="0.059" errors="0" timestamp="2025-08-15T05:56:36 MYT" skipped="0">
  <testcase classname="computerstore_test.unit.ComputerConstructorsTest" name="constructor_setsAllFields_correctly" time="0.000"/>
  <testcase classname="computerstore_test.unit.ComputerConstructorsTest" name="constructor_setsAllFields_correctly" time="0.001"/>
  <testcase classname="computerstore_test.unit.ComputerConstructorsTest" name="constructor_setsAllFields_correctly" time="0.000"/>
  <testcase classname="computerstore_test.unit.ComputerConstructorsTest" name="constructor_setsAllFields_correctly" time="0.001"/>
  <testcase classname="computerstore_test.unit.ComputerConstructorsTest" name="constructor_setsAllFields_correctly" time="0.000"/>
  <testcase classname="computerstore_test.unit.ComputerConstructorsTest" name="constructor_setsAllFields_correctly" time="0.000"/>
  <testcase classname="computerstore_test.unit.ComputerConstructorsTest" name="constructor_setsAllFields_correctly" time="0.057"/>
  <testcase classname="computerstore_test.unit.ComputerConstructorsTest" name="constructor_setsAllFields_correctly" time="0.000"/>
  <testcase classname="computerstore_test.unit.ComputerConstructorsTest" name="constructor_setsAllFields_correctly" time="0.000"/>
  <testcase classname="computerstore_test.unit.ComputerConstructorsTest" name="constructor_setsAllFields_correctly" time="0.000"/>
</testsuite> <!-- computerstore_test.unit.ComputerConstructorsTest -->
