<?xml version="1.0" encoding="UTF-8"?>
<!-- Generated by org.testng.reporters.JUnitReportReporter -->
<testsuite hostname="Hamizersz" failures="0" tests="34" name="com.alphatechsz.computerstore.unit.LoginMenuTest" time="6.576" errors="34" timestamp="2025-08-15T05:56:36 MYT" skipped="0">
  <testcase classname="com.alphatechsz.computerstore.unit.LoginMenuTest" name="testLoginAction" time="0.111">
    <error message="Could not modify all classes [class javax.swing.JOptionPane]" type="org.mockito.exceptions.base.MockitoException">
      <![CDATA[org.mockito.exceptions.base.MockitoException: Could not modify all classes [class javax.swing.JOptionPane]
at computerstore_test.support.JOptionPaneMock.<init>(JOptionPaneMock.java:16)
at computerstore_test.support.JOptionPaneMock.install(JOptionPaneMock.java:25)
at com.alphatechsz.computerstore.unit.LoginMenuTest.testLoginAction(LoginMenuTest.java:56)
at java.base/jdk.internal.reflect.DirectMethodHandleAccessor.invoke(DirectMethodHandleAccessor.java:104)
at java.base/java.lang.reflect.Method.invoke(Method.java:565)
at org.testng.internal.invokers.MethodInvocationHelper.invokeMethod(MethodInvocationHelper.java:141)
at org.testng.internal.invokers.TestInvoker.invokeMethod(TestInvoker.java:686)
at org.testng.internal.invokers.TestInvoker.invokeTestMethod(TestInvoker.java:230)
at org.testng.internal.invokers.TestMethodWithDataProviderMethodWorker.call(TestMethodWithDataProviderMethodWorker.java:81)
at org.testng.internal.thread.Async$AsyncTask.run(Async.java:34)
at java.base/java.util.concurrent.ThreadPoolExecutor.runWorker(ThreadPoolExecutor.java:1095)
at java.base/java.util.concurrent.ThreadPoolExecutor$Worker.run(ThreadPoolExecutor.java:619)
at java.base/java.lang.Thread.run(Thread.java:1447)
Caused by: java.lang.IllegalStateException: 
Byte Buddy could not instrument all classes within the mock's type hierarchy

This problem should never occur for javac-compiled classes. This problem has been observed for classes that are:
 - Compiled by older versions of scalac
 - Classes that are part of the Android distribution
at org.mockito.internal.creation.bytebuddy.InlineBytecodeGenerator.triggerRetransformation(InlineBytecodeGenerator.java:285)
at org.mockito.internal.creation.bytebuddy.InlineBytecodeGenerator.mockClassStatic(InlineBytecodeGenerator.java:226)
at org.mockito.internal.creation.bytebuddy.TypeCachingBytecodeGenerator.mockClassStatic(TypeCachingBytecodeGenerator.java:63)
at org.mockito.internal.creation.bytebuddy.InlineDelegateByteBuddyMockMaker.createStaticMock(InlineDelegateByteBuddyMockMaker.java:566)
at org.mockito.internal.creation.bytebuddy.InlineByteBuddyMockMaker.createStaticMock(InlineByteBuddyMockMaker.java:83)
at org.mockito.internal.util.MockUtil.createStaticMock(MockUtil.java:202)
at org.mockito.internal.MockitoCore.mockStatic(MockitoCore.java:134)
at org.mockito.Mockito.mockStatic(Mockito.java:2307)
at org.mockito.Mockito.mockStatic(Mockito.java:2244)
... 13 more
Caused by: java.lang.IllegalArgumentException: Java 24 (68) is not supported by the current version of Byte Buddy which officially supports Java 20 (64) - update Byte Buddy or set net.bytebuddy.experimental as a VM property
at net.bytebuddy.utility.OpenedClassReader.of(OpenedClassReader.java:96)
at net.bytebuddy.dynamic.scaffold.TypeWriter$Default$ForInlining.create(TypeWriter.java:4011)
at net.bytebuddy.dynamic.scaffold.TypeWriter$Default.make(TypeWriter.java:2224)
at net.bytebuddy.dynamic.DynamicType$Builder$AbstractBase$UsingTypeWriter.make(DynamicType.java:4050)
at net.bytebuddy.dynamic.DynamicType$Builder$AbstractBase.make(DynamicType.java:3734)
at org.mockito.internal.creation.bytebuddy.InlineBytecodeGenerator.transform(InlineBytecodeGenerator.java:402)
at java.instrument/java.lang.instrument.ClassFileTransformer.transform(ClassFileTransformer.java:257)
at java.instrument/sun.instrument.TransformerManager.transform(TransformerManager.java:188)
at java.instrument/sun.instrument.InstrumentationImpl.transform(InstrumentationImpl.java:594)
at java.instrument/sun.instrument.InstrumentationImpl.retransformClasses0(Native Method)
at java.instrument/sun.instrument.InstrumentationImpl.retransformClasses(InstrumentationImpl.java:221)
at org.mockito.internal.creation.bytebuddy.InlineBytecodeGenerator.triggerRetransformation(InlineBytecodeGenerator.java:281)
... 21 more
]]>
    </error>
  </testcase> <!-- testLoginAction -->
  <testcase classname="com.alphatechsz.computerstore.unit.LoginMenuTest" name="testLoginAction" time="0.072">
    <error message="Could not modify all classes [class javax.swing.JOptionPane]" type="org.mockito.exceptions.base.MockitoException">
      <![CDATA[org.mockito.exceptions.base.MockitoException: Could not modify all classes [class javax.swing.JOptionPane]
at computerstore_test.support.JOptionPaneMock.<init>(JOptionPaneMock.java:16)
at computerstore_test.support.JOptionPaneMock.install(JOptionPaneMock.java:25)
at com.alphatechsz.computerstore.unit.LoginMenuTest.testLoginAction(LoginMenuTest.java:56)
at java.base/jdk.internal.reflect.DirectMethodHandleAccessor.invoke(DirectMethodHandleAccessor.java:104)
at java.base/java.lang.reflect.Method.invoke(Method.java:565)
at org.testng.internal.invokers.MethodInvocationHelper.invokeMethod(MethodInvocationHelper.java:141)
at org.testng.internal.invokers.TestInvoker.invokeMethod(TestInvoker.java:686)
at org.testng.internal.invokers.TestInvoker.invokeTestMethod(TestInvoker.java:230)
at org.testng.internal.invokers.TestMethodWithDataProviderMethodWorker.call(TestMethodWithDataProviderMethodWorker.java:81)
at org.testng.internal.thread.Async$AsyncTask.run(Async.java:34)
at java.base/java.util.concurrent.ThreadPoolExecutor.runWorker(ThreadPoolExecutor.java:1095)
at java.base/java.util.concurrent.ThreadPoolExecutor$Worker.run(ThreadPoolExecutor.java:619)
at java.base/java.lang.Thread.run(Thread.java:1447)
Caused by: java.lang.IllegalStateException: 
Byte Buddy could not instrument all classes within the mock's type hierarchy

This problem should never occur for javac-compiled classes. This problem has been observed for classes that are:
 - Compiled by older versions of scalac
 - Classes that are part of the Android distribution
at org.mockito.internal.creation.bytebuddy.InlineBytecodeGenerator.triggerRetransformation(InlineBytecodeGenerator.java:285)
at org.mockito.internal.creation.bytebuddy.InlineBytecodeGenerator.mockClassStatic(InlineBytecodeGenerator.java:226)
at org.mockito.internal.creation.bytebuddy.TypeCachingBytecodeGenerator.mockClassStatic(TypeCachingBytecodeGenerator.java:63)
at org.mockito.internal.creation.bytebuddy.InlineDelegateByteBuddyMockMaker.createStaticMock(InlineDelegateByteBuddyMockMaker.java:566)
at org.mockito.internal.creation.bytebuddy.InlineByteBuddyMockMaker.createStaticMock(InlineByteBuddyMockMaker.java:83)
at org.mockito.internal.util.MockUtil.createStaticMock(MockUtil.java:202)
at org.mockito.internal.MockitoCore.mockStatic(MockitoCore.java:134)
at org.mockito.Mockito.mockStatic(Mockito.java:2307)
at org.mockito.Mockito.mockStatic(Mockito.java:2244)
... 13 more
Caused by: java.lang.IllegalArgumentException: Java 24 (68) is not supported by the current version of Byte Buddy which officially supports Java 20 (64) - update Byte Buddy or set net.bytebuddy.experimental as a VM property
at net.bytebuddy.utility.OpenedClassReader.of(OpenedClassReader.java:96)
at net.bytebuddy.dynamic.scaffold.TypeWriter$Default$ForInlining.create(TypeWriter.java:4011)
at net.bytebuddy.dynamic.scaffold.TypeWriter$Default.make(TypeWriter.java:2224)
at net.bytebuddy.dynamic.DynamicType$Builder$AbstractBase$UsingTypeWriter.make(DynamicType.java:4050)
at net.bytebuddy.dynamic.DynamicType$Builder$AbstractBase.make(DynamicType.java:3734)
at org.mockito.internal.creation.bytebuddy.InlineBytecodeGenerator.transform(InlineBytecodeGenerator.java:402)
at java.instrument/java.lang.instrument.ClassFileTransformer.transform(ClassFileTransformer.java:257)
at java.instrument/sun.instrument.TransformerManager.transform(TransformerManager.java:188)
at java.instrument/sun.instrument.InstrumentationImpl.transform(InstrumentationImpl.java:594)
at java.instrument/sun.instrument.InstrumentationImpl.retransformClasses0(Native Method)
at java.instrument/sun.instrument.InstrumentationImpl.retransformClasses(InstrumentationImpl.java:221)
at org.mockito.internal.creation.bytebuddy.InlineBytecodeGenerator.triggerRetransformation(InlineBytecodeGenerator.java:281)
... 21 more
]]>
    </error>
  </testcase> <!-- testLoginAction -->
  <testcase classname="com.alphatechsz.computerstore.unit.LoginMenuTest" name="testLoginAction" time="0.376">
    <error message="Could not modify all classes [class javax.swing.JOptionPane]" type="org.mockito.exceptions.base.MockitoException">
      <![CDATA[org.mockito.exceptions.base.MockitoException: Could not modify all classes [class javax.swing.JOptionPane]
at computerstore_test.support.JOptionPaneMock.<init>(JOptionPaneMock.java:16)
at computerstore_test.support.JOptionPaneMock.install(JOptionPaneMock.java:25)
at com.alphatechsz.computerstore.unit.LoginMenuTest.testLoginAction(LoginMenuTest.java:56)
at java.base/jdk.internal.reflect.DirectMethodHandleAccessor.invoke(DirectMethodHandleAccessor.java:104)
at java.base/java.lang.reflect.Method.invoke(Method.java:565)
at org.testng.internal.invokers.MethodInvocationHelper.invokeMethod(MethodInvocationHelper.java:141)
at org.testng.internal.invokers.TestInvoker.invokeMethod(TestInvoker.java:686)
at org.testng.internal.invokers.TestInvoker.invokeTestMethod(TestInvoker.java:230)
at org.testng.internal.invokers.TestMethodWithDataProviderMethodWorker.call(TestMethodWithDataProviderMethodWorker.java:81)
at org.testng.internal.thread.Async$AsyncTask.run(Async.java:34)
at java.base/java.util.concurrent.ThreadPoolExecutor.runWorker(ThreadPoolExecutor.java:1095)
at java.base/java.util.concurrent.ThreadPoolExecutor$Worker.run(ThreadPoolExecutor.java:619)
at java.base/java.lang.Thread.run(Thread.java:1447)
Caused by: java.lang.IllegalStateException: 
Byte Buddy could not instrument all classes within the mock's type hierarchy

This problem should never occur for javac-compiled classes. This problem has been observed for classes that are:
 - Compiled by older versions of scalac
 - Classes that are part of the Android distribution
at org.mockito.internal.creation.bytebuddy.InlineBytecodeGenerator.triggerRetransformation(InlineBytecodeGenerator.java:285)
at org.mockito.internal.creation.bytebuddy.InlineBytecodeGenerator.mockClassStatic(InlineBytecodeGenerator.java:226)
at org.mockito.internal.creation.bytebuddy.TypeCachingBytecodeGenerator.mockClassStatic(TypeCachingBytecodeGenerator.java:63)
at org.mockito.internal.creation.bytebuddy.InlineDelegateByteBuddyMockMaker.createStaticMock(InlineDelegateByteBuddyMockMaker.java:566)
at org.mockito.internal.creation.bytebuddy.InlineByteBuddyMockMaker.createStaticMock(InlineByteBuddyMockMaker.java:83)
at org.mockito.internal.util.MockUtil.createStaticMock(MockUtil.java:202)
at org.mockito.internal.MockitoCore.mockStatic(MockitoCore.java:134)
at org.mockito.Mockito.mockStatic(Mockito.java:2307)
at org.mockito.Mockito.mockStatic(Mockito.java:2244)
... 13 more
Caused by: java.lang.IllegalArgumentException: Java 24 (68) is not supported by the current version of Byte Buddy which officially supports Java 20 (64) - update Byte Buddy or set net.bytebuddy.experimental as a VM property
at net.bytebuddy.utility.OpenedClassReader.of(OpenedClassReader.java:96)
at net.bytebuddy.dynamic.scaffold.TypeWriter$Default$ForInlining.create(TypeWriter.java:4011)
at net.bytebuddy.dynamic.scaffold.TypeWriter$Default.make(TypeWriter.java:2224)
at net.bytebuddy.dynamic.DynamicType$Builder$AbstractBase$UsingTypeWriter.make(DynamicType.java:4050)
at net.bytebuddy.dynamic.DynamicType$Builder$AbstractBase.make(DynamicType.java:3734)
at org.mockito.internal.creation.bytebuddy.InlineBytecodeGenerator.transform(InlineBytecodeGenerator.java:402)
at java.instrument/java.lang.instrument.ClassFileTransformer.transform(ClassFileTransformer.java:257)
at java.instrument/sun.instrument.TransformerManager.transform(TransformerManager.java:188)
at java.instrument/sun.instrument.InstrumentationImpl.transform(InstrumentationImpl.java:594)
at java.instrument/sun.instrument.InstrumentationImpl.retransformClasses0(Native Method)
at java.instrument/sun.instrument.InstrumentationImpl.retransformClasses(InstrumentationImpl.java:221)
at org.mockito.internal.creation.bytebuddy.InlineBytecodeGenerator.triggerRetransformation(InlineBytecodeGenerator.java:281)
... 21 more
]]>
    </error>
  </testcase> <!-- testLoginAction -->
  <testcase classname="com.alphatechsz.computerstore.unit.LoginMenuTest" name="testLoginAction" time="0.204">
    <error message="Could not modify all classes [class javax.swing.JOptionPane]" type="org.mockito.exceptions.base.MockitoException">
      <![CDATA[org.mockito.exceptions.base.MockitoException: Could not modify all classes [class javax.swing.JOptionPane]
at computerstore_test.support.JOptionPaneMock.<init>(JOptionPaneMock.java:16)
at computerstore_test.support.JOptionPaneMock.install(JOptionPaneMock.java:25)
at com.alphatechsz.computerstore.unit.LoginMenuTest.testLoginAction(LoginMenuTest.java:56)
at java.base/jdk.internal.reflect.DirectMethodHandleAccessor.invoke(DirectMethodHandleAccessor.java:104)
at java.base/java.lang.reflect.Method.invoke(Method.java:565)
at org.testng.internal.invokers.MethodInvocationHelper.invokeMethod(MethodInvocationHelper.java:141)
at org.testng.internal.invokers.TestInvoker.invokeMethod(TestInvoker.java:686)
at org.testng.internal.invokers.TestInvoker.invokeTestMethod(TestInvoker.java:230)
at org.testng.internal.invokers.TestMethodWithDataProviderMethodWorker.call(TestMethodWithDataProviderMethodWorker.java:81)
at org.testng.internal.thread.Async$AsyncTask.run(Async.java:34)
at java.base/java.util.concurrent.ThreadPoolExecutor.runWorker(ThreadPoolExecutor.java:1095)
at java.base/java.util.concurrent.ThreadPoolExecutor$Worker.run(ThreadPoolExecutor.java:619)
at java.base/java.lang.Thread.run(Thread.java:1447)
Caused by: java.lang.IllegalStateException: 
Byte Buddy could not instrument all classes within the mock's type hierarchy

This problem should never occur for javac-compiled classes. This problem has been observed for classes that are:
 - Compiled by older versions of scalac
 - Classes that are part of the Android distribution
at org.mockito.internal.creation.bytebuddy.InlineBytecodeGenerator.triggerRetransformation(InlineBytecodeGenerator.java:285)
at org.mockito.internal.creation.bytebuddy.InlineBytecodeGenerator.mockClassStatic(InlineBytecodeGenerator.java:226)
at org.mockito.internal.creation.bytebuddy.TypeCachingBytecodeGenerator.mockClassStatic(TypeCachingBytecodeGenerator.java:63)
at org.mockito.internal.creation.bytebuddy.InlineDelegateByteBuddyMockMaker.createStaticMock(InlineDelegateByteBuddyMockMaker.java:566)
at org.mockito.internal.creation.bytebuddy.InlineByteBuddyMockMaker.createStaticMock(InlineByteBuddyMockMaker.java:83)
at org.mockito.internal.util.MockUtil.createStaticMock(MockUtil.java:202)
at org.mockito.internal.MockitoCore.mockStatic(MockitoCore.java:134)
at org.mockito.Mockito.mockStatic(Mockito.java:2307)
at org.mockito.Mockito.mockStatic(Mockito.java:2244)
... 13 more
Caused by: java.lang.IllegalArgumentException: Java 24 (68) is not supported by the current version of Byte Buddy which officially supports Java 20 (64) - update Byte Buddy or set net.bytebuddy.experimental as a VM property
at net.bytebuddy.utility.OpenedClassReader.of(OpenedClassReader.java:96)
at net.bytebuddy.dynamic.scaffold.TypeWriter$Default$ForInlining.create(TypeWriter.java:4011)
at net.bytebuddy.dynamic.scaffold.TypeWriter$Default.make(TypeWriter.java:2224)
at net.bytebuddy.dynamic.DynamicType$Builder$AbstractBase$UsingTypeWriter.make(DynamicType.java:4050)
at net.bytebuddy.dynamic.DynamicType$Builder$AbstractBase.make(DynamicType.java:3734)
at org.mockito.internal.creation.bytebuddy.InlineBytecodeGenerator.transform(InlineBytecodeGenerator.java:402)
at java.instrument/java.lang.instrument.ClassFileTransformer.transform(ClassFileTransformer.java:257)
at java.instrument/sun.instrument.TransformerManager.transform(TransformerManager.java:188)
at java.instrument/sun.instrument.InstrumentationImpl.transform(InstrumentationImpl.java:594)
at java.instrument/sun.instrument.InstrumentationImpl.retransformClasses0(Native Method)
at java.instrument/sun.instrument.InstrumentationImpl.retransformClasses(InstrumentationImpl.java:221)
at org.mockito.internal.creation.bytebuddy.InlineBytecodeGenerator.triggerRetransformation(InlineBytecodeGenerator.java:281)
... 21 more
]]>
    </error>
  </testcase> <!-- testLoginAction -->
  <testcase classname="com.alphatechsz.computerstore.unit.LoginMenuTest" name="testLoginAction" time="0.129">
    <error message="Could not modify all classes [class javax.swing.JOptionPane]" type="org.mockito.exceptions.base.MockitoException">
      <![CDATA[org.mockito.exceptions.base.MockitoException: Could not modify all classes [class javax.swing.JOptionPane]
at computerstore_test.support.JOptionPaneMock.<init>(JOptionPaneMock.java:16)
at computerstore_test.support.JOptionPaneMock.install(JOptionPaneMock.java:25)
at com.alphatechsz.computerstore.unit.LoginMenuTest.testLoginAction(LoginMenuTest.java:56)
at java.base/jdk.internal.reflect.DirectMethodHandleAccessor.invoke(DirectMethodHandleAccessor.java:104)
at java.base/java.lang.reflect.Method.invoke(Method.java:565)
at org.testng.internal.invokers.MethodInvocationHelper.invokeMethod(MethodInvocationHelper.java:141)
at org.testng.internal.invokers.TestInvoker.invokeMethod(TestInvoker.java:686)
at org.testng.internal.invokers.TestInvoker.invokeTestMethod(TestInvoker.java:230)
at org.testng.internal.invokers.TestMethodWithDataProviderMethodWorker.call(TestMethodWithDataProviderMethodWorker.java:81)
at org.testng.internal.thread.Async$AsyncTask.run(Async.java:34)
at java.base/java.util.concurrent.ThreadPoolExecutor.runWorker(ThreadPoolExecutor.java:1095)
at java.base/java.util.concurrent.ThreadPoolExecutor$Worker.run(ThreadPoolExecutor.java:619)
at java.base/java.lang.Thread.run(Thread.java:1447)
Caused by: java.lang.IllegalStateException: 
Byte Buddy could not instrument all classes within the mock's type hierarchy

This problem should never occur for javac-compiled classes. This problem has been observed for classes that are:
 - Compiled by older versions of scalac
 - Classes that are part of the Android distribution
at org.mockito.internal.creation.bytebuddy.InlineBytecodeGenerator.triggerRetransformation(InlineBytecodeGenerator.java:285)
at org.mockito.internal.creation.bytebuddy.InlineBytecodeGenerator.mockClassStatic(InlineBytecodeGenerator.java:226)
at org.mockito.internal.creation.bytebuddy.TypeCachingBytecodeGenerator.mockClassStatic(TypeCachingBytecodeGenerator.java:63)
at org.mockito.internal.creation.bytebuddy.InlineDelegateByteBuddyMockMaker.createStaticMock(InlineDelegateByteBuddyMockMaker.java:566)
at org.mockito.internal.creation.bytebuddy.InlineByteBuddyMockMaker.createStaticMock(InlineByteBuddyMockMaker.java:83)
at org.mockito.internal.util.MockUtil.createStaticMock(MockUtil.java:202)
at org.mockito.internal.MockitoCore.mockStatic(MockitoCore.java:134)
at org.mockito.Mockito.mockStatic(Mockito.java:2307)
at org.mockito.Mockito.mockStatic(Mockito.java:2244)
... 13 more
Caused by: java.lang.IllegalArgumentException: Java 24 (68) is not supported by the current version of Byte Buddy which officially supports Java 20 (64) - update Byte Buddy or set net.bytebuddy.experimental as a VM property
at net.bytebuddy.utility.OpenedClassReader.of(OpenedClassReader.java:96)
at net.bytebuddy.dynamic.scaffold.TypeWriter$Default$ForInlining.create(TypeWriter.java:4011)
at net.bytebuddy.dynamic.scaffold.TypeWriter$Default.make(TypeWriter.java:2224)
at net.bytebuddy.dynamic.DynamicType$Builder$AbstractBase$UsingTypeWriter.make(DynamicType.java:4050)
at net.bytebuddy.dynamic.DynamicType$Builder$AbstractBase.make(DynamicType.java:3734)
at org.mockito.internal.creation.bytebuddy.InlineBytecodeGenerator.transform(InlineBytecodeGenerator.java:402)
at java.instrument/java.lang.instrument.ClassFileTransformer.transform(ClassFileTransformer.java:257)
at java.instrument/sun.instrument.TransformerManager.transform(TransformerManager.java:188)
at java.instrument/sun.instrument.InstrumentationImpl.transform(InstrumentationImpl.java:594)
at java.instrument/sun.instrument.InstrumentationImpl.retransformClasses0(Native Method)
at java.instrument/sun.instrument.InstrumentationImpl.retransformClasses(InstrumentationImpl.java:221)
at org.mockito.internal.creation.bytebuddy.InlineBytecodeGenerator.triggerRetransformation(InlineBytecodeGenerator.java:281)
... 21 more
]]>
    </error>
  </testcase> <!-- testLoginAction -->
  <testcase classname="com.alphatechsz.computerstore.unit.LoginMenuTest" name="testLoginAction" time="0.146">
    <error message="Could not modify all classes [class javax.swing.JOptionPane]" type="org.mockito.exceptions.base.MockitoException">
      <![CDATA[org.mockito.exceptions.base.MockitoException: Could not modify all classes [class javax.swing.JOptionPane]
at computerstore_test.support.JOptionPaneMock.<init>(JOptionPaneMock.java:16)
at computerstore_test.support.JOptionPaneMock.install(JOptionPaneMock.java:25)
at com.alphatechsz.computerstore.unit.LoginMenuTest.testLoginAction(LoginMenuTest.java:56)
at java.base/jdk.internal.reflect.DirectMethodHandleAccessor.invoke(DirectMethodHandleAccessor.java:104)
at java.base/java.lang.reflect.Method.invoke(Method.java:565)
at org.testng.internal.invokers.MethodInvocationHelper.invokeMethod(MethodInvocationHelper.java:141)
at org.testng.internal.invokers.TestInvoker.invokeMethod(TestInvoker.java:686)
at org.testng.internal.invokers.TestInvoker.invokeTestMethod(TestInvoker.java:230)
at org.testng.internal.invokers.TestMethodWithDataProviderMethodWorker.call(TestMethodWithDataProviderMethodWorker.java:81)
at org.testng.internal.thread.Async$AsyncTask.run(Async.java:34)
at java.base/java.util.concurrent.ThreadPoolExecutor.runWorker(ThreadPoolExecutor.java:1095)
at java.base/java.util.concurrent.ThreadPoolExecutor$Worker.run(ThreadPoolExecutor.java:619)
at java.base/java.lang.Thread.run(Thread.java:1447)
Caused by: java.lang.IllegalStateException: 
Byte Buddy could not instrument all classes within the mock's type hierarchy

This problem should never occur for javac-compiled classes. This problem has been observed for classes that are:
 - Compiled by older versions of scalac
 - Classes that are part of the Android distribution
at org.mockito.internal.creation.bytebuddy.InlineBytecodeGenerator.triggerRetransformation(InlineBytecodeGenerator.java:285)
at org.mockito.internal.creation.bytebuddy.InlineBytecodeGenerator.mockClassStatic(InlineBytecodeGenerator.java:226)
at org.mockito.internal.creation.bytebuddy.TypeCachingBytecodeGenerator.mockClassStatic(TypeCachingBytecodeGenerator.java:63)
at org.mockito.internal.creation.bytebuddy.InlineDelegateByteBuddyMockMaker.createStaticMock(InlineDelegateByteBuddyMockMaker.java:566)
at org.mockito.internal.creation.bytebuddy.InlineByteBuddyMockMaker.createStaticMock(InlineByteBuddyMockMaker.java:83)
at org.mockito.internal.util.MockUtil.createStaticMock(MockUtil.java:202)
at org.mockito.internal.MockitoCore.mockStatic(MockitoCore.java:134)
at org.mockito.Mockito.mockStatic(Mockito.java:2307)
at org.mockito.Mockito.mockStatic(Mockito.java:2244)
... 13 more
Caused by: java.lang.IllegalArgumentException: Java 24 (68) is not supported by the current version of Byte Buddy which officially supports Java 20 (64) - update Byte Buddy or set net.bytebuddy.experimental as a VM property
at net.bytebuddy.utility.OpenedClassReader.of(OpenedClassReader.java:96)
at net.bytebuddy.dynamic.scaffold.TypeWriter$Default$ForInlining.create(TypeWriter.java:4011)
at net.bytebuddy.dynamic.scaffold.TypeWriter$Default.make(TypeWriter.java:2224)
at net.bytebuddy.dynamic.DynamicType$Builder$AbstractBase$UsingTypeWriter.make(DynamicType.java:4050)
at net.bytebuddy.dynamic.DynamicType$Builder$AbstractBase.make(DynamicType.java:3734)
at org.mockito.internal.creation.bytebuddy.InlineBytecodeGenerator.transform(InlineBytecodeGenerator.java:402)
at java.instrument/java.lang.instrument.ClassFileTransformer.transform(ClassFileTransformer.java:257)
at java.instrument/sun.instrument.TransformerManager.transform(TransformerManager.java:188)
at java.instrument/sun.instrument.InstrumentationImpl.transform(InstrumentationImpl.java:594)
at java.instrument/sun.instrument.InstrumentationImpl.retransformClasses0(Native Method)
at java.instrument/sun.instrument.InstrumentationImpl.retransformClasses(InstrumentationImpl.java:221)
at org.mockito.internal.creation.bytebuddy.InlineBytecodeGenerator.triggerRetransformation(InlineBytecodeGenerator.java:281)
... 21 more
]]>
    </error>
  </testcase> <!-- testLoginAction -->
  <testcase classname="com.alphatechsz.computerstore.unit.LoginMenuTest" name="testEmailFieldActionListenerNoOp" time="0.041">
    <error message="java.awt.HeadlessException" type="java.util.concurrent.ExecutionException">
      <![CDATA[java.util.concurrent.ExecutionException: java.awt.HeadlessException
at java.base/java.util.concurrent.FutureTask.report(FutureTask.java:124)
at java.base/java.util.concurrent.FutureTask.get(FutureTask.java:207)
at computerstore_test.support.SwingEdt.callAndWait(SwingEdt.java:26)
at computerstore_test.support.BaseSwingTest.onEdt(BaseSwingTest.java:71)
at com.alphatechsz.computerstore.unit.LoginMenuTest.testEmailFieldActionListenerNoOp(LoginMenuTest.java:138)
at java.base/jdk.internal.reflect.DirectMethodHandleAccessor.invoke(DirectMethodHandleAccessor.java:104)
at java.base/java.lang.reflect.Method.invoke(Method.java:565)
at org.testng.internal.invokers.MethodInvocationHelper.invokeMethod(MethodInvocationHelper.java:141)
at org.testng.internal.invokers.TestInvoker.invokeMethod(TestInvoker.java:686)
at org.testng.internal.invokers.TestInvoker.invokeTestMethod(TestInvoker.java:230)
at org.testng.internal.invokers.MethodRunner.runInSequence(MethodRunner.java:63)
at org.testng.internal.invokers.TestInvoker$MethodInvocationAgent.invoke(TestInvoker.java:992)
at org.testng.internal.invokers.TestInvoker.invokeTestMethods(TestInvoker.java:203)
at org.testng.internal.invokers.TestMethodWorker.invokeTestMethods(TestMethodWorker.java:154)
at org.testng.internal.invokers.TestMethodWorker.run(TestMethodWorker.java:134)
at java.base/java.util.ArrayList.forEach(ArrayList.java:1604)
at org.testng.TestRunner.privateRun(TestRunner.java:739)
at org.testng.TestRunner.run(TestRunner.java:614)
at org.testng.SuiteRunner.runTest(SuiteRunner.java:421)
at org.testng.SuiteRunner.runSequentially(SuiteRunner.java:413)
at org.testng.SuiteRunner.privateRun(SuiteRunner.java:373)
at org.testng.SuiteRunner.run(SuiteRunner.java:312)
at org.testng.SuiteRunnerWorker.runSuite(SuiteRunnerWorker.java:52)
at org.testng.SuiteRunnerWorker.run(SuiteRunnerWorker.java:95)
at org.testng.TestNG.runSuitesSequentially(TestNG.java:1274)
at org.testng.TestNG.runSuitesLocally(TestNG.java:1208)
at org.testng.TestNG.runSuites(TestNG.java:1112)
at org.testng.TestNG.run(TestNG.java:1079)
at org.apache.maven.surefire.testng.TestNGExecutor.run(TestNGExecutor.java:155)
at org.apache.maven.surefire.testng.TestNGDirectoryTestSuite.executeMulti(TestNGDirectoryTestSuite.java:169)
at org.apache.maven.surefire.testng.TestNGDirectoryTestSuite.execute(TestNGDirectoryTestSuite.java:88)
at org.apache.maven.surefire.testng.TestNGProvider.invoke(TestNGProvider.java:137)
at org.apache.maven.surefire.booter.ForkedBooter.runSuitesInProcess(ForkedBooter.java:385)
at org.apache.maven.surefire.booter.ForkedBooter.execute(ForkedBooter.java:162)
at org.apache.maven.surefire.booter.ForkedBooter.run(ForkedBooter.java:507)
at org.apache.maven.surefire.booter.ForkedBooter.main(ForkedBooter.java:495)
Caused by: java.awt.HeadlessException
at java.desktop/java.awt.GraphicsEnvironment.checkHeadless(GraphicsEnvironment.java:158)
at java.desktop/java.awt.Window.<init>(Window.java:518)
at java.desktop/java.awt.Frame.<init>(Frame.java:428)
at java.desktop/java.awt.Frame.<init>(Frame.java:393)
at java.desktop/javax.swing.JFrame.<init>(JFrame.java:180)
at com.alphatechsz.computerstore.LoginMenu.<init>(LoginMenu.java:19)
at com.alphatechsz.computerstore.unit.LoginMenuTest.lambda$testEmailFieldActionListenerNoOp$0(LoginMenuTest.java:138)
at java.base/java.util.concurrent.FutureTask.run(FutureTask.java:328)
at java.desktop/java.awt.event.InvocationEvent.dispatch(InvocationEvent.java:318)
at java.desktop/java.awt.EventQueue.dispatchEventImpl(EventQueue.java:723)
at java.desktop/java.awt.EventQueue.dispatchEvent(EventQueue.java:702)
at java.desktop/java.awt.EventDispatchThread.pumpOneEventForFilters(EventDispatchThread.java:203)
at java.desktop/java.awt.EventDispatchThread.pumpEventsForFilter(EventDispatchThread.java:124)
at java.desktop/java.awt.EventDispatchThread.pumpEventsForHierarchy(EventDispatchThread.java:113)
at java.desktop/java.awt.EventDispatchThread.pumpEvents(EventDispatchThread.java:109)
at java.desktop/java.awt.EventDispatchThread.pumpEvents(EventDispatchThread.java:101)
at java.desktop/java.awt.EventDispatchThread.run(EventDispatchThread.java:90)
]]>
    </error>
  </testcase> <!-- testEmailFieldActionListenerNoOp -->
  <testcase classname="com.alphatechsz.computerstore.unit.LoginMenuTest" name="testLoginAction" time="0.168">
    <error message="Could not modify all classes [class javax.swing.JOptionPane]" type="org.mockito.exceptions.base.MockitoException">
      <![CDATA[org.mockito.exceptions.base.MockitoException: Could not modify all classes [class javax.swing.JOptionPane]
at computerstore_test.support.JOptionPaneMock.<init>(JOptionPaneMock.java:16)
at computerstore_test.support.JOptionPaneMock.install(JOptionPaneMock.java:25)
at com.alphatechsz.computerstore.unit.LoginMenuTest.testLoginAction(LoginMenuTest.java:56)
at java.base/jdk.internal.reflect.DirectMethodHandleAccessor.invoke(DirectMethodHandleAccessor.java:104)
at java.base/java.lang.reflect.Method.invoke(Method.java:565)
at org.testng.internal.invokers.MethodInvocationHelper.invokeMethod(MethodInvocationHelper.java:141)
at org.testng.internal.invokers.TestInvoker.invokeMethod(TestInvoker.java:686)
at org.testng.internal.invokers.TestInvoker.invokeTestMethod(TestInvoker.java:230)
at org.testng.internal.invokers.TestMethodWithDataProviderMethodWorker.call(TestMethodWithDataProviderMethodWorker.java:81)
at org.testng.internal.thread.Async$AsyncTask.run(Async.java:34)
at java.base/java.util.concurrent.ThreadPoolExecutor.runWorker(ThreadPoolExecutor.java:1095)
at java.base/java.util.concurrent.ThreadPoolExecutor$Worker.run(ThreadPoolExecutor.java:619)
at java.base/java.lang.Thread.run(Thread.java:1447)
Caused by: java.lang.IllegalStateException: 
Byte Buddy could not instrument all classes within the mock's type hierarchy

This problem should never occur for javac-compiled classes. This problem has been observed for classes that are:
 - Compiled by older versions of scalac
 - Classes that are part of the Android distribution
at org.mockito.internal.creation.bytebuddy.InlineBytecodeGenerator.triggerRetransformation(InlineBytecodeGenerator.java:285)
at org.mockito.internal.creation.bytebuddy.InlineBytecodeGenerator.mockClassStatic(InlineBytecodeGenerator.java:226)
at org.mockito.internal.creation.bytebuddy.TypeCachingBytecodeGenerator.mockClassStatic(TypeCachingBytecodeGenerator.java:63)
at org.mockito.internal.creation.bytebuddy.InlineDelegateByteBuddyMockMaker.createStaticMock(InlineDelegateByteBuddyMockMaker.java:566)
at org.mockito.internal.creation.bytebuddy.InlineByteBuddyMockMaker.createStaticMock(InlineByteBuddyMockMaker.java:83)
at org.mockito.internal.util.MockUtil.createStaticMock(MockUtil.java:202)
at org.mockito.internal.MockitoCore.mockStatic(MockitoCore.java:134)
at org.mockito.Mockito.mockStatic(Mockito.java:2307)
at org.mockito.Mockito.mockStatic(Mockito.java:2244)
... 13 more
Caused by: java.lang.IllegalArgumentException: Java 24 (68) is not supported by the current version of Byte Buddy which officially supports Java 20 (64) - update Byte Buddy or set net.bytebuddy.experimental as a VM property
at net.bytebuddy.utility.OpenedClassReader.of(OpenedClassReader.java:96)
at net.bytebuddy.dynamic.scaffold.TypeWriter$Default$ForInlining.create(TypeWriter.java:4011)
at net.bytebuddy.dynamic.scaffold.TypeWriter$Default.make(TypeWriter.java:2224)
at net.bytebuddy.dynamic.DynamicType$Builder$AbstractBase$UsingTypeWriter.make(DynamicType.java:4050)
at net.bytebuddy.dynamic.DynamicType$Builder$AbstractBase.make(DynamicType.java:3734)
at org.mockito.internal.creation.bytebuddy.InlineBytecodeGenerator.transform(InlineBytecodeGenerator.java:402)
at java.instrument/java.lang.instrument.ClassFileTransformer.transform(ClassFileTransformer.java:257)
at java.instrument/sun.instrument.TransformerManager.transform(TransformerManager.java:188)
at java.instrument/sun.instrument.InstrumentationImpl.transform(InstrumentationImpl.java:594)
at java.instrument/sun.instrument.InstrumentationImpl.retransformClasses0(Native Method)
at java.instrument/sun.instrument.InstrumentationImpl.retransformClasses(InstrumentationImpl.java:221)
at org.mockito.internal.creation.bytebuddy.InlineBytecodeGenerator.triggerRetransformation(InlineBytecodeGenerator.java:281)
... 21 more
]]>
    </error>
  </testcase> <!-- testLoginAction -->
  <testcase classname="com.alphatechsz.computerstore.unit.LoginMenuTest" name="testLoginAction" time="0.245">
    <error message="Could not modify all classes [class javax.swing.JOptionPane]" type="org.mockito.exceptions.base.MockitoException">
      <![CDATA[org.mockito.exceptions.base.MockitoException: Could not modify all classes [class javax.swing.JOptionPane]
at computerstore_test.support.JOptionPaneMock.<init>(JOptionPaneMock.java:16)
at computerstore_test.support.JOptionPaneMock.install(JOptionPaneMock.java:25)
at com.alphatechsz.computerstore.unit.LoginMenuTest.testLoginAction(LoginMenuTest.java:56)
at java.base/jdk.internal.reflect.DirectMethodHandleAccessor.invoke(DirectMethodHandleAccessor.java:104)
at java.base/java.lang.reflect.Method.invoke(Method.java:565)
at org.testng.internal.invokers.MethodInvocationHelper.invokeMethod(MethodInvocationHelper.java:141)
at org.testng.internal.invokers.TestInvoker.invokeMethod(TestInvoker.java:686)
at org.testng.internal.invokers.TestInvoker.invokeTestMethod(TestInvoker.java:230)
at org.testng.internal.invokers.TestMethodWithDataProviderMethodWorker.call(TestMethodWithDataProviderMethodWorker.java:81)
at org.testng.internal.thread.Async$AsyncTask.run(Async.java:34)
at java.base/java.util.concurrent.ThreadPoolExecutor.runWorker(ThreadPoolExecutor.java:1095)
at java.base/java.util.concurrent.ThreadPoolExecutor$Worker.run(ThreadPoolExecutor.java:619)
at java.base/java.lang.Thread.run(Thread.java:1447)
Caused by: java.lang.IllegalStateException: 
Byte Buddy could not instrument all classes within the mock's type hierarchy

This problem should never occur for javac-compiled classes. This problem has been observed for classes that are:
 - Compiled by older versions of scalac
 - Classes that are part of the Android distribution
at org.mockito.internal.creation.bytebuddy.InlineBytecodeGenerator.triggerRetransformation(InlineBytecodeGenerator.java:285)
at org.mockito.internal.creation.bytebuddy.InlineBytecodeGenerator.mockClassStatic(InlineBytecodeGenerator.java:226)
at org.mockito.internal.creation.bytebuddy.TypeCachingBytecodeGenerator.mockClassStatic(TypeCachingBytecodeGenerator.java:63)
at org.mockito.internal.creation.bytebuddy.InlineDelegateByteBuddyMockMaker.createStaticMock(InlineDelegateByteBuddyMockMaker.java:566)
at org.mockito.internal.creation.bytebuddy.InlineByteBuddyMockMaker.createStaticMock(InlineByteBuddyMockMaker.java:83)
at org.mockito.internal.util.MockUtil.createStaticMock(MockUtil.java:202)
at org.mockito.internal.MockitoCore.mockStatic(MockitoCore.java:134)
at org.mockito.Mockito.mockStatic(Mockito.java:2307)
at org.mockito.Mockito.mockStatic(Mockito.java:2244)
... 13 more
Caused by: java.lang.IllegalArgumentException: Java 24 (68) is not supported by the current version of Byte Buddy which officially supports Java 20 (64) - update Byte Buddy or set net.bytebuddy.experimental as a VM property
at net.bytebuddy.utility.OpenedClassReader.of(OpenedClassReader.java:96)
at net.bytebuddy.dynamic.scaffold.TypeWriter$Default$ForInlining.create(TypeWriter.java:4011)
at net.bytebuddy.dynamic.scaffold.TypeWriter$Default.make(TypeWriter.java:2224)
at net.bytebuddy.dynamic.DynamicType$Builder$AbstractBase$UsingTypeWriter.make(DynamicType.java:4050)
at net.bytebuddy.dynamic.DynamicType$Builder$AbstractBase.make(DynamicType.java:3734)
at org.mockito.internal.creation.bytebuddy.InlineBytecodeGenerator.transform(InlineBytecodeGenerator.java:402)
at java.instrument/java.lang.instrument.ClassFileTransformer.transform(ClassFileTransformer.java:257)
at java.instrument/sun.instrument.TransformerManager.transform(TransformerManager.java:188)
at java.instrument/sun.instrument.InstrumentationImpl.transform(InstrumentationImpl.java:594)
at java.instrument/sun.instrument.InstrumentationImpl.retransformClasses0(Native Method)
at java.instrument/sun.instrument.InstrumentationImpl.retransformClasses(InstrumentationImpl.java:221)
at org.mockito.internal.creation.bytebuddy.InlineBytecodeGenerator.triggerRetransformation(InlineBytecodeGenerator.java:281)
... 21 more
]]>
    </error>
  </testcase> <!-- testLoginAction -->
  <testcase classname="com.alphatechsz.computerstore.unit.LoginMenuTest" name="testLoginAction" time="0.149">
    <error message="Could not modify all classes [class javax.swing.JOptionPane]" type="org.mockito.exceptions.base.MockitoException">
      <![CDATA[org.mockito.exceptions.base.MockitoException: Could not modify all classes [class javax.swing.JOptionPane]
at computerstore_test.support.JOptionPaneMock.<init>(JOptionPaneMock.java:16)
at computerstore_test.support.JOptionPaneMock.install(JOptionPaneMock.java:25)
at com.alphatechsz.computerstore.unit.LoginMenuTest.testLoginAction(LoginMenuTest.java:56)
at java.base/jdk.internal.reflect.DirectMethodHandleAccessor.invoke(DirectMethodHandleAccessor.java:104)
at java.base/java.lang.reflect.Method.invoke(Method.java:565)
at org.testng.internal.invokers.MethodInvocationHelper.invokeMethod(MethodInvocationHelper.java:141)
at org.testng.internal.invokers.TestInvoker.invokeMethod(TestInvoker.java:686)
at org.testng.internal.invokers.TestInvoker.invokeTestMethod(TestInvoker.java:230)
at org.testng.internal.invokers.TestMethodWithDataProviderMethodWorker.call(TestMethodWithDataProviderMethodWorker.java:81)
at org.testng.internal.thread.Async$AsyncTask.run(Async.java:34)
at java.base/java.util.concurrent.ThreadPoolExecutor.runWorker(ThreadPoolExecutor.java:1095)
at java.base/java.util.concurrent.ThreadPoolExecutor$Worker.run(ThreadPoolExecutor.java:619)
at java.base/java.lang.Thread.run(Thread.java:1447)
Caused by: java.lang.IllegalStateException: 
Byte Buddy could not instrument all classes within the mock's type hierarchy

This problem should never occur for javac-compiled classes. This problem has been observed for classes that are:
 - Compiled by older versions of scalac
 - Classes that are part of the Android distribution
at org.mockito.internal.creation.bytebuddy.InlineBytecodeGenerator.triggerRetransformation(InlineBytecodeGenerator.java:285)
at org.mockito.internal.creation.bytebuddy.InlineBytecodeGenerator.mockClassStatic(InlineBytecodeGenerator.java:226)
at org.mockito.internal.creation.bytebuddy.TypeCachingBytecodeGenerator.mockClassStatic(TypeCachingBytecodeGenerator.java:63)
at org.mockito.internal.creation.bytebuddy.InlineDelegateByteBuddyMockMaker.createStaticMock(InlineDelegateByteBuddyMockMaker.java:566)
at org.mockito.internal.creation.bytebuddy.InlineByteBuddyMockMaker.createStaticMock(InlineByteBuddyMockMaker.java:83)
at org.mockito.internal.util.MockUtil.createStaticMock(MockUtil.java:202)
at org.mockito.internal.MockitoCore.mockStatic(MockitoCore.java:134)
at org.mockito.Mockito.mockStatic(Mockito.java:2307)
at org.mockito.Mockito.mockStatic(Mockito.java:2244)
... 13 more
Caused by: java.lang.IllegalArgumentException: Java 24 (68) is not supported by the current version of Byte Buddy which officially supports Java 20 (64) - update Byte Buddy or set net.bytebuddy.experimental as a VM property
at net.bytebuddy.utility.OpenedClassReader.of(OpenedClassReader.java:96)
at net.bytebuddy.dynamic.scaffold.TypeWriter$Default$ForInlining.create(TypeWriter.java:4011)
at net.bytebuddy.dynamic.scaffold.TypeWriter$Default.make(TypeWriter.java:2224)
at net.bytebuddy.dynamic.DynamicType$Builder$AbstractBase$UsingTypeWriter.make(DynamicType.java:4050)
at net.bytebuddy.dynamic.DynamicType$Builder$AbstractBase.make(DynamicType.java:3734)
at org.mockito.internal.creation.bytebuddy.InlineBytecodeGenerator.transform(InlineBytecodeGenerator.java:402)
at java.instrument/java.lang.instrument.ClassFileTransformer.transform(ClassFileTransformer.java:257)
at java.instrument/sun.instrument.TransformerManager.transform(TransformerManager.java:188)
at java.instrument/sun.instrument.InstrumentationImpl.transform(InstrumentationImpl.java:594)
at java.instrument/sun.instrument.InstrumentationImpl.retransformClasses0(Native Method)
at java.instrument/sun.instrument.InstrumentationImpl.retransformClasses(InstrumentationImpl.java:221)
at org.mockito.internal.creation.bytebuddy.InlineBytecodeGenerator.triggerRetransformation(InlineBytecodeGenerator.java:281)
... 21 more
]]>
    </error>
  </testcase> <!-- testLoginAction -->
  <testcase classname="com.alphatechsz.computerstore.unit.LoginMenuTest" name="testLoginAction" time="0.068">
    <error message="Could not modify all classes [class javax.swing.JOptionPane]" type="org.mockito.exceptions.base.MockitoException">
      <![CDATA[org.mockito.exceptions.base.MockitoException: Could not modify all classes [class javax.swing.JOptionPane]
at computerstore_test.support.JOptionPaneMock.<init>(JOptionPaneMock.java:16)
at computerstore_test.support.JOptionPaneMock.install(JOptionPaneMock.java:25)
at com.alphatechsz.computerstore.unit.LoginMenuTest.testLoginAction(LoginMenuTest.java:56)
at java.base/jdk.internal.reflect.DirectMethodHandleAccessor.invoke(DirectMethodHandleAccessor.java:104)
at java.base/java.lang.reflect.Method.invoke(Method.java:565)
at org.testng.internal.invokers.MethodInvocationHelper.invokeMethod(MethodInvocationHelper.java:141)
at org.testng.internal.invokers.TestInvoker.invokeMethod(TestInvoker.java:686)
at org.testng.internal.invokers.TestInvoker.invokeTestMethod(TestInvoker.java:230)
at org.testng.internal.invokers.TestMethodWithDataProviderMethodWorker.call(TestMethodWithDataProviderMethodWorker.java:81)
at org.testng.internal.thread.Async$AsyncTask.run(Async.java:34)
at java.base/java.util.concurrent.ThreadPoolExecutor.runWorker(ThreadPoolExecutor.java:1095)
at java.base/java.util.concurrent.ThreadPoolExecutor$Worker.run(ThreadPoolExecutor.java:619)
at java.base/java.lang.Thread.run(Thread.java:1447)
Caused by: java.lang.IllegalStateException: 
Byte Buddy could not instrument all classes within the mock's type hierarchy

This problem should never occur for javac-compiled classes. This problem has been observed for classes that are:
 - Compiled by older versions of scalac
 - Classes that are part of the Android distribution
at org.mockito.internal.creation.bytebuddy.InlineBytecodeGenerator.triggerRetransformation(InlineBytecodeGenerator.java:285)
at org.mockito.internal.creation.bytebuddy.InlineBytecodeGenerator.mockClassStatic(InlineBytecodeGenerator.java:226)
at org.mockito.internal.creation.bytebuddy.TypeCachingBytecodeGenerator.mockClassStatic(TypeCachingBytecodeGenerator.java:63)
at org.mockito.internal.creation.bytebuddy.InlineDelegateByteBuddyMockMaker.createStaticMock(InlineDelegateByteBuddyMockMaker.java:566)
at org.mockito.internal.creation.bytebuddy.InlineByteBuddyMockMaker.createStaticMock(InlineByteBuddyMockMaker.java:83)
at org.mockito.internal.util.MockUtil.createStaticMock(MockUtil.java:202)
at org.mockito.internal.MockitoCore.mockStatic(MockitoCore.java:134)
at org.mockito.Mockito.mockStatic(Mockito.java:2307)
at org.mockito.Mockito.mockStatic(Mockito.java:2244)
... 13 more
Caused by: java.lang.IllegalArgumentException: Java 24 (68) is not supported by the current version of Byte Buddy which officially supports Java 20 (64) - update Byte Buddy or set net.bytebuddy.experimental as a VM property
at net.bytebuddy.utility.OpenedClassReader.of(OpenedClassReader.java:96)
at net.bytebuddy.dynamic.scaffold.TypeWriter$Default$ForInlining.create(TypeWriter.java:4011)
at net.bytebuddy.dynamic.scaffold.TypeWriter$Default.make(TypeWriter.java:2224)
at net.bytebuddy.dynamic.DynamicType$Builder$AbstractBase$UsingTypeWriter.make(DynamicType.java:4050)
at net.bytebuddy.dynamic.DynamicType$Builder$AbstractBase.make(DynamicType.java:3734)
at org.mockito.internal.creation.bytebuddy.InlineBytecodeGenerator.transform(InlineBytecodeGenerator.java:402)
at java.instrument/java.lang.instrument.ClassFileTransformer.transform(ClassFileTransformer.java:257)
at java.instrument/sun.instrument.TransformerManager.transform(TransformerManager.java:188)
at java.instrument/sun.instrument.InstrumentationImpl.transform(InstrumentationImpl.java:594)
at java.instrument/sun.instrument.InstrumentationImpl.retransformClasses0(Native Method)
at java.instrument/sun.instrument.InstrumentationImpl.retransformClasses(InstrumentationImpl.java:221)
at org.mockito.internal.creation.bytebuddy.InlineBytecodeGenerator.triggerRetransformation(InlineBytecodeGenerator.java:281)
... 21 more
]]>
    </error>
  </testcase> <!-- testLoginAction -->
  <testcase classname="com.alphatechsz.computerstore.unit.LoginMenuTest" name="testLoginAction" time="0.257">
    <error message="Could not modify all classes [class javax.swing.JOptionPane]" type="org.mockito.exceptions.base.MockitoException">
      <![CDATA[org.mockito.exceptions.base.MockitoException: Could not modify all classes [class javax.swing.JOptionPane]
at computerstore_test.support.JOptionPaneMock.<init>(JOptionPaneMock.java:16)
at computerstore_test.support.JOptionPaneMock.install(JOptionPaneMock.java:25)
at com.alphatechsz.computerstore.unit.LoginMenuTest.testLoginAction(LoginMenuTest.java:56)
at java.base/jdk.internal.reflect.DirectMethodHandleAccessor.invoke(DirectMethodHandleAccessor.java:104)
at java.base/java.lang.reflect.Method.invoke(Method.java:565)
at org.testng.internal.invokers.MethodInvocationHelper.invokeMethod(MethodInvocationHelper.java:141)
at org.testng.internal.invokers.TestInvoker.invokeMethod(TestInvoker.java:686)
at org.testng.internal.invokers.TestInvoker.invokeTestMethod(TestInvoker.java:230)
at org.testng.internal.invokers.TestMethodWithDataProviderMethodWorker.call(TestMethodWithDataProviderMethodWorker.java:81)
at org.testng.internal.thread.Async$AsyncTask.run(Async.java:34)
at java.base/java.util.concurrent.ThreadPoolExecutor.runWorker(ThreadPoolExecutor.java:1095)
at java.base/java.util.concurrent.ThreadPoolExecutor$Worker.run(ThreadPoolExecutor.java:619)
at java.base/java.lang.Thread.run(Thread.java:1447)
Caused by: java.lang.IllegalStateException: 
Byte Buddy could not instrument all classes within the mock's type hierarchy

This problem should never occur for javac-compiled classes. This problem has been observed for classes that are:
 - Compiled by older versions of scalac
 - Classes that are part of the Android distribution
at org.mockito.internal.creation.bytebuddy.InlineBytecodeGenerator.triggerRetransformation(InlineBytecodeGenerator.java:285)
at org.mockito.internal.creation.bytebuddy.InlineBytecodeGenerator.mockClassStatic(InlineBytecodeGenerator.java:226)
at org.mockito.internal.creation.bytebuddy.TypeCachingBytecodeGenerator.mockClassStatic(TypeCachingBytecodeGenerator.java:63)
at org.mockito.internal.creation.bytebuddy.InlineDelegateByteBuddyMockMaker.createStaticMock(InlineDelegateByteBuddyMockMaker.java:566)
at org.mockito.internal.creation.bytebuddy.InlineByteBuddyMockMaker.createStaticMock(InlineByteBuddyMockMaker.java:83)
at org.mockito.internal.util.MockUtil.createStaticMock(MockUtil.java:202)
at org.mockito.internal.MockitoCore.mockStatic(MockitoCore.java:134)
at org.mockito.Mockito.mockStatic(Mockito.java:2307)
at org.mockito.Mockito.mockStatic(Mockito.java:2244)
... 13 more
Caused by: java.lang.IllegalArgumentException: Java 24 (68) is not supported by the current version of Byte Buddy which officially supports Java 20 (64) - update Byte Buddy or set net.bytebuddy.experimental as a VM property
at net.bytebuddy.utility.OpenedClassReader.of(OpenedClassReader.java:96)
at net.bytebuddy.dynamic.scaffold.TypeWriter$Default$ForInlining.create(TypeWriter.java:4011)
at net.bytebuddy.dynamic.scaffold.TypeWriter$Default.make(TypeWriter.java:2224)
at net.bytebuddy.dynamic.DynamicType$Builder$AbstractBase$UsingTypeWriter.make(DynamicType.java:4050)
at net.bytebuddy.dynamic.DynamicType$Builder$AbstractBase.make(DynamicType.java:3734)
at org.mockito.internal.creation.bytebuddy.InlineBytecodeGenerator.transform(InlineBytecodeGenerator.java:402)
at java.instrument/java.lang.instrument.ClassFileTransformer.transform(ClassFileTransformer.java:257)
at java.instrument/sun.instrument.TransformerManager.transform(TransformerManager.java:188)
at java.instrument/sun.instrument.InstrumentationImpl.transform(InstrumentationImpl.java:594)
at java.instrument/sun.instrument.InstrumentationImpl.retransformClasses0(Native Method)
at java.instrument/sun.instrument.InstrumentationImpl.retransformClasses(InstrumentationImpl.java:221)
at org.mockito.internal.creation.bytebuddy.InlineBytecodeGenerator.triggerRetransformation(InlineBytecodeGenerator.java:281)
... 21 more
]]>
    </error>
  </testcase> <!-- testLoginAction -->
  <testcase classname="com.alphatechsz.computerstore.unit.LoginMenuTest" name="testLoginAction" time="0.093">
    <error message="Could not modify all classes [class javax.swing.JOptionPane]" type="org.mockito.exceptions.base.MockitoException">
      <![CDATA[org.mockito.exceptions.base.MockitoException: Could not modify all classes [class javax.swing.JOptionPane]
at computerstore_test.support.JOptionPaneMock.<init>(JOptionPaneMock.java:16)
at computerstore_test.support.JOptionPaneMock.install(JOptionPaneMock.java:25)
at com.alphatechsz.computerstore.unit.LoginMenuTest.testLoginAction(LoginMenuTest.java:56)
at java.base/jdk.internal.reflect.DirectMethodHandleAccessor.invoke(DirectMethodHandleAccessor.java:104)
at java.base/java.lang.reflect.Method.invoke(Method.java:565)
at org.testng.internal.invokers.MethodInvocationHelper.invokeMethod(MethodInvocationHelper.java:141)
at org.testng.internal.invokers.TestInvoker.invokeMethod(TestInvoker.java:686)
at org.testng.internal.invokers.TestInvoker.invokeTestMethod(TestInvoker.java:230)
at org.testng.internal.invokers.TestMethodWithDataProviderMethodWorker.call(TestMethodWithDataProviderMethodWorker.java:81)
at org.testng.internal.thread.Async$AsyncTask.run(Async.java:34)
at java.base/java.util.concurrent.ThreadPoolExecutor.runWorker(ThreadPoolExecutor.java:1095)
at java.base/java.util.concurrent.ThreadPoolExecutor$Worker.run(ThreadPoolExecutor.java:619)
at java.base/java.lang.Thread.run(Thread.java:1447)
Caused by: java.lang.IllegalStateException: 
Byte Buddy could not instrument all classes within the mock's type hierarchy

This problem should never occur for javac-compiled classes. This problem has been observed for classes that are:
 - Compiled by older versions of scalac
 - Classes that are part of the Android distribution
at org.mockito.internal.creation.bytebuddy.InlineBytecodeGenerator.triggerRetransformation(InlineBytecodeGenerator.java:285)
at org.mockito.internal.creation.bytebuddy.InlineBytecodeGenerator.mockClassStatic(InlineBytecodeGenerator.java:226)
at org.mockito.internal.creation.bytebuddy.TypeCachingBytecodeGenerator.mockClassStatic(TypeCachingBytecodeGenerator.java:63)
at org.mockito.internal.creation.bytebuddy.InlineDelegateByteBuddyMockMaker.createStaticMock(InlineDelegateByteBuddyMockMaker.java:566)
at org.mockito.internal.creation.bytebuddy.InlineByteBuddyMockMaker.createStaticMock(InlineByteBuddyMockMaker.java:83)
at org.mockito.internal.util.MockUtil.createStaticMock(MockUtil.java:202)
at org.mockito.internal.MockitoCore.mockStatic(MockitoCore.java:134)
at org.mockito.Mockito.mockStatic(Mockito.java:2307)
at org.mockito.Mockito.mockStatic(Mockito.java:2244)
... 13 more
Caused by: java.lang.IllegalArgumentException: Java 24 (68) is not supported by the current version of Byte Buddy which officially supports Java 20 (64) - update Byte Buddy or set net.bytebuddy.experimental as a VM property
at net.bytebuddy.utility.OpenedClassReader.of(OpenedClassReader.java:96)
at net.bytebuddy.dynamic.scaffold.TypeWriter$Default$ForInlining.create(TypeWriter.java:4011)
at net.bytebuddy.dynamic.scaffold.TypeWriter$Default.make(TypeWriter.java:2224)
at net.bytebuddy.dynamic.DynamicType$Builder$AbstractBase$UsingTypeWriter.make(DynamicType.java:4050)
at net.bytebuddy.dynamic.DynamicType$Builder$AbstractBase.make(DynamicType.java:3734)
at org.mockito.internal.creation.bytebuddy.InlineBytecodeGenerator.transform(InlineBytecodeGenerator.java:402)
at java.instrument/java.lang.instrument.ClassFileTransformer.transform(ClassFileTransformer.java:257)
at java.instrument/sun.instrument.TransformerManager.transform(TransformerManager.java:188)
at java.instrument/sun.instrument.InstrumentationImpl.transform(InstrumentationImpl.java:594)
at java.instrument/sun.instrument.InstrumentationImpl.retransformClasses0(Native Method)
at java.instrument/sun.instrument.InstrumentationImpl.retransformClasses(InstrumentationImpl.java:221)
at org.mockito.internal.creation.bytebuddy.InlineBytecodeGenerator.triggerRetransformation(InlineBytecodeGenerator.java:281)
... 21 more
]]>
    </error>
  </testcase> <!-- testLoginAction -->
  <testcase classname="com.alphatechsz.computerstore.unit.LoginMenuTest" name="testLoginAction" time="0.381">
    <error message="Could not modify all classes [class javax.swing.JOptionPane]" type="org.mockito.exceptions.base.MockitoException">
      <![CDATA[org.mockito.exceptions.base.MockitoException: Could not modify all classes [class javax.swing.JOptionPane]
at computerstore_test.support.JOptionPaneMock.<init>(JOptionPaneMock.java:16)
at computerstore_test.support.JOptionPaneMock.install(JOptionPaneMock.java:25)
at com.alphatechsz.computerstore.unit.LoginMenuTest.testLoginAction(LoginMenuTest.java:56)
at java.base/jdk.internal.reflect.DirectMethodHandleAccessor.invoke(DirectMethodHandleAccessor.java:104)
at java.base/java.lang.reflect.Method.invoke(Method.java:565)
at org.testng.internal.invokers.MethodInvocationHelper.invokeMethod(MethodInvocationHelper.java:141)
at org.testng.internal.invokers.TestInvoker.invokeMethod(TestInvoker.java:686)
at org.testng.internal.invokers.TestInvoker.invokeTestMethod(TestInvoker.java:230)
at org.testng.internal.invokers.TestMethodWithDataProviderMethodWorker.call(TestMethodWithDataProviderMethodWorker.java:81)
at org.testng.internal.thread.Async$AsyncTask.run(Async.java:34)
at java.base/java.util.concurrent.ThreadPoolExecutor.runWorker(ThreadPoolExecutor.java:1095)
at java.base/java.util.concurrent.ThreadPoolExecutor$Worker.run(ThreadPoolExecutor.java:619)
at java.base/java.lang.Thread.run(Thread.java:1447)
Caused by: java.lang.IllegalStateException: 
Byte Buddy could not instrument all classes within the mock's type hierarchy

This problem should never occur for javac-compiled classes. This problem has been observed for classes that are:
 - Compiled by older versions of scalac
 - Classes that are part of the Android distribution
at org.mockito.internal.creation.bytebuddy.InlineBytecodeGenerator.triggerRetransformation(InlineBytecodeGenerator.java:285)
at org.mockito.internal.creation.bytebuddy.InlineBytecodeGenerator.mockClassStatic(InlineBytecodeGenerator.java:226)
at org.mockito.internal.creation.bytebuddy.TypeCachingBytecodeGenerator.mockClassStatic(TypeCachingBytecodeGenerator.java:63)
at org.mockito.internal.creation.bytebuddy.InlineDelegateByteBuddyMockMaker.createStaticMock(InlineDelegateByteBuddyMockMaker.java:566)
at org.mockito.internal.creation.bytebuddy.InlineByteBuddyMockMaker.createStaticMock(InlineByteBuddyMockMaker.java:83)
at org.mockito.internal.util.MockUtil.createStaticMock(MockUtil.java:202)
at org.mockito.internal.MockitoCore.mockStatic(MockitoCore.java:134)
at org.mockito.Mockito.mockStatic(Mockito.java:2307)
at org.mockito.Mockito.mockStatic(Mockito.java:2244)
... 13 more
Caused by: java.lang.IllegalArgumentException: Java 24 (68) is not supported by the current version of Byte Buddy which officially supports Java 20 (64) - update Byte Buddy or set net.bytebuddy.experimental as a VM property
at net.bytebuddy.utility.OpenedClassReader.of(OpenedClassReader.java:96)
at net.bytebuddy.dynamic.scaffold.TypeWriter$Default$ForInlining.create(TypeWriter.java:4011)
at net.bytebuddy.dynamic.scaffold.TypeWriter$Default.make(TypeWriter.java:2224)
at net.bytebuddy.dynamic.DynamicType$Builder$AbstractBase$UsingTypeWriter.make(DynamicType.java:4050)
at net.bytebuddy.dynamic.DynamicType$Builder$AbstractBase.make(DynamicType.java:3734)
at org.mockito.internal.creation.bytebuddy.InlineBytecodeGenerator.transform(InlineBytecodeGenerator.java:402)
at java.instrument/java.lang.instrument.ClassFileTransformer.transform(ClassFileTransformer.java:257)
at java.instrument/sun.instrument.TransformerManager.transform(TransformerManager.java:188)
at java.instrument/sun.instrument.InstrumentationImpl.transform(InstrumentationImpl.java:594)
at java.instrument/sun.instrument.InstrumentationImpl.retransformClasses0(Native Method)
at java.instrument/sun.instrument.InstrumentationImpl.retransformClasses(InstrumentationImpl.java:221)
at org.mockito.internal.creation.bytebuddy.InlineBytecodeGenerator.triggerRetransformation(InlineBytecodeGenerator.java:281)
... 21 more
]]>
    </error>
  </testcase> <!-- testLoginAction -->
  <testcase classname="com.alphatechsz.computerstore.unit.LoginMenuTest" name="testEmptyBothFieldsShowsError" time="0.621">
    <error message="Could not modify all classes [class javax.swing.JOptionPane]" type="org.mockito.exceptions.base.MockitoException">
      <![CDATA[org.mockito.exceptions.base.MockitoException: Could not modify all classes [class javax.swing.JOptionPane]
at computerstore_test.support.JOptionPaneMock.<init>(JOptionPaneMock.java:16)
at computerstore_test.support.JOptionPaneMock.install(JOptionPaneMock.java:25)
at com.alphatechsz.computerstore.unit.LoginMenuTest.testEmptyBothFieldsShowsError(LoginMenuTest.java:124)
at java.base/jdk.internal.reflect.DirectMethodHandleAccessor.invoke(DirectMethodHandleAccessor.java:104)
at java.base/java.lang.reflect.Method.invoke(Method.java:565)
at org.testng.internal.invokers.MethodInvocationHelper.invokeMethod(MethodInvocationHelper.java:141)
at org.testng.internal.invokers.TestInvoker.invokeMethod(TestInvoker.java:686)
at org.testng.internal.invokers.TestInvoker.invokeTestMethod(TestInvoker.java:230)
at org.testng.internal.invokers.MethodRunner.runInSequence(MethodRunner.java:63)
at org.testng.internal.invokers.TestInvoker$MethodInvocationAgent.invoke(TestInvoker.java:992)
at org.testng.internal.invokers.TestInvoker.invokeTestMethods(TestInvoker.java:203)
at org.testng.internal.invokers.TestMethodWorker.invokeTestMethods(TestMethodWorker.java:154)
at org.testng.internal.invokers.TestMethodWorker.run(TestMethodWorker.java:134)
at java.base/java.util.ArrayList.forEach(ArrayList.java:1604)
at org.testng.TestRunner.privateRun(TestRunner.java:739)
at org.testng.TestRunner.run(TestRunner.java:614)
at org.testng.SuiteRunner.runTest(SuiteRunner.java:421)
at org.testng.SuiteRunner.runSequentially(SuiteRunner.java:413)
at org.testng.SuiteRunner.privateRun(SuiteRunner.java:373)
at org.testng.SuiteRunner.run(SuiteRunner.java:312)
at org.testng.SuiteRunnerWorker.runSuite(SuiteRunnerWorker.java:52)
at org.testng.SuiteRunnerWorker.run(SuiteRunnerWorker.java:95)
at org.testng.TestNG.runSuitesSequentially(TestNG.java:1274)
at org.testng.TestNG.runSuitesLocally(TestNG.java:1208)
at org.testng.TestNG.runSuites(TestNG.java:1112)
at org.testng.TestNG.run(TestNG.java:1079)
at org.apache.maven.surefire.testng.TestNGExecutor.run(TestNGExecutor.java:155)
at org.apache.maven.surefire.testng.TestNGDirectoryTestSuite.executeMulti(TestNGDirectoryTestSuite.java:169)
at org.apache.maven.surefire.testng.TestNGDirectoryTestSuite.execute(TestNGDirectoryTestSuite.java:88)
at org.apache.maven.surefire.testng.TestNGProvider.invoke(TestNGProvider.java:137)
at org.apache.maven.surefire.booter.ForkedBooter.runSuitesInProcess(ForkedBooter.java:385)
at org.apache.maven.surefire.booter.ForkedBooter.execute(ForkedBooter.java:162)
at org.apache.maven.surefire.booter.ForkedBooter.run(ForkedBooter.java:507)
at org.apache.maven.surefire.booter.ForkedBooter.main(ForkedBooter.java:495)
Caused by: java.lang.IllegalStateException: 
Byte Buddy could not instrument all classes within the mock's type hierarchy

This problem should never occur for javac-compiled classes. This problem has been observed for classes that are:
 - Compiled by older versions of scalac
 - Classes that are part of the Android distribution
at org.mockito.internal.creation.bytebuddy.InlineBytecodeGenerator.triggerRetransformation(InlineBytecodeGenerator.java:285)
at org.mockito.internal.creation.bytebuddy.InlineBytecodeGenerator.mockClassStatic(InlineBytecodeGenerator.java:226)
at org.mockito.internal.creation.bytebuddy.TypeCachingBytecodeGenerator.mockClassStatic(TypeCachingBytecodeGenerator.java:63)
at org.mockito.internal.creation.bytebuddy.InlineDelegateByteBuddyMockMaker.createStaticMock(InlineDelegateByteBuddyMockMaker.java:566)
at org.mockito.internal.creation.bytebuddy.InlineByteBuddyMockMaker.createStaticMock(InlineByteBuddyMockMaker.java:83)
at org.mockito.internal.util.MockUtil.createStaticMock(MockUtil.java:202)
at org.mockito.internal.MockitoCore.mockStatic(MockitoCore.java:134)
at org.mockito.Mockito.mockStatic(Mockito.java:2307)
at org.mockito.Mockito.mockStatic(Mockito.java:2244)
... 34 more
Caused by: java.lang.IllegalArgumentException: Java 24 (68) is not supported by the current version of Byte Buddy which officially supports Java 20 (64) - update Byte Buddy or set net.bytebuddy.experimental as a VM property
at net.bytebuddy.utility.OpenedClassReader.of(OpenedClassReader.java:96)
at net.bytebuddy.dynamic.scaffold.TypeWriter$Default$ForInlining.create(TypeWriter.java:4011)
at net.bytebuddy.dynamic.scaffold.TypeWriter$Default.make(TypeWriter.java:2224)
at net.bytebuddy.dynamic.DynamicType$Builder$AbstractBase$UsingTypeWriter.make(DynamicType.java:4050)
at net.bytebuddy.dynamic.DynamicType$Builder$AbstractBase.make(DynamicType.java:3734)
at org.mockito.internal.creation.bytebuddy.InlineBytecodeGenerator.transform(InlineBytecodeGenerator.java:402)
at java.instrument/java.lang.instrument.ClassFileTransformer.transform(ClassFileTransformer.java:257)
at java.instrument/sun.instrument.TransformerManager.transform(TransformerManager.java:188)
at java.instrument/sun.instrument.InstrumentationImpl.transform(InstrumentationImpl.java:594)
at java.instrument/sun.instrument.InstrumentationImpl.retransformClasses0(Native Method)
at java.instrument/sun.instrument.InstrumentationImpl.retransformClasses(InstrumentationImpl.java:221)
at org.mockito.internal.creation.bytebuddy.InlineBytecodeGenerator.triggerRetransformation(InlineBytecodeGenerator.java:281)
... 42 more
]]>
    </error>
  </testcase> <!-- testEmptyBothFieldsShowsError -->
  <testcase classname="com.alphatechsz.computerstore.unit.LoginMenuTest" name="testLoginAction" time="0.193">
    <error message="Could not modify all classes [class javax.swing.JOptionPane]" type="org.mockito.exceptions.base.MockitoException">
      <![CDATA[org.mockito.exceptions.base.MockitoException: Could not modify all classes [class javax.swing.JOptionPane]
at computerstore_test.support.JOptionPaneMock.<init>(JOptionPaneMock.java:16)
at computerstore_test.support.JOptionPaneMock.install(JOptionPaneMock.java:25)
at com.alphatechsz.computerstore.unit.LoginMenuTest.testLoginAction(LoginMenuTest.java:56)
at java.base/jdk.internal.reflect.DirectMethodHandleAccessor.invoke(DirectMethodHandleAccessor.java:104)
at java.base/java.lang.reflect.Method.invoke(Method.java:565)
at org.testng.internal.invokers.MethodInvocationHelper.invokeMethod(MethodInvocationHelper.java:141)
at org.testng.internal.invokers.TestInvoker.invokeMethod(TestInvoker.java:686)
at org.testng.internal.invokers.TestInvoker.invokeTestMethod(TestInvoker.java:230)
at org.testng.internal.invokers.TestMethodWithDataProviderMethodWorker.call(TestMethodWithDataProviderMethodWorker.java:81)
at org.testng.internal.thread.Async$AsyncTask.run(Async.java:34)
at java.base/java.util.concurrent.ThreadPoolExecutor.runWorker(ThreadPoolExecutor.java:1095)
at java.base/java.util.concurrent.ThreadPoolExecutor$Worker.run(ThreadPoolExecutor.java:619)
at java.base/java.lang.Thread.run(Thread.java:1447)
Caused by: java.lang.IllegalStateException: 
Byte Buddy could not instrument all classes within the mock's type hierarchy

This problem should never occur for javac-compiled classes. This problem has been observed for classes that are:
 - Compiled by older versions of scalac
 - Classes that are part of the Android distribution
at org.mockito.internal.creation.bytebuddy.InlineBytecodeGenerator.triggerRetransformation(InlineBytecodeGenerator.java:285)
at org.mockito.internal.creation.bytebuddy.InlineBytecodeGenerator.mockClassStatic(InlineBytecodeGenerator.java:226)
at org.mockito.internal.creation.bytebuddy.TypeCachingBytecodeGenerator.mockClassStatic(TypeCachingBytecodeGenerator.java:63)
at org.mockito.internal.creation.bytebuddy.InlineDelegateByteBuddyMockMaker.createStaticMock(InlineDelegateByteBuddyMockMaker.java:566)
at org.mockito.internal.creation.bytebuddy.InlineByteBuddyMockMaker.createStaticMock(InlineByteBuddyMockMaker.java:83)
at org.mockito.internal.util.MockUtil.createStaticMock(MockUtil.java:202)
at org.mockito.internal.MockitoCore.mockStatic(MockitoCore.java:134)
at org.mockito.Mockito.mockStatic(Mockito.java:2307)
at org.mockito.Mockito.mockStatic(Mockito.java:2244)
... 13 more
Caused by: java.lang.IllegalArgumentException: Java 24 (68) is not supported by the current version of Byte Buddy which officially supports Java 20 (64) - update Byte Buddy or set net.bytebuddy.experimental as a VM property
at net.bytebuddy.utility.OpenedClassReader.of(OpenedClassReader.java:96)
at net.bytebuddy.dynamic.scaffold.TypeWriter$Default$ForInlining.create(TypeWriter.java:4011)
at net.bytebuddy.dynamic.scaffold.TypeWriter$Default.make(TypeWriter.java:2224)
at net.bytebuddy.dynamic.DynamicType$Builder$AbstractBase$UsingTypeWriter.make(DynamicType.java:4050)
at net.bytebuddy.dynamic.DynamicType$Builder$AbstractBase.make(DynamicType.java:3734)
at org.mockito.internal.creation.bytebuddy.InlineBytecodeGenerator.transform(InlineBytecodeGenerator.java:402)
at java.instrument/java.lang.instrument.ClassFileTransformer.transform(ClassFileTransformer.java:257)
at java.instrument/sun.instrument.TransformerManager.transform(TransformerManager.java:188)
at java.instrument/sun.instrument.InstrumentationImpl.transform(InstrumentationImpl.java:594)
at java.instrument/sun.instrument.InstrumentationImpl.retransformClasses0(Native Method)
at java.instrument/sun.instrument.InstrumentationImpl.retransformClasses(InstrumentationImpl.java:221)
at org.mockito.internal.creation.bytebuddy.InlineBytecodeGenerator.triggerRetransformation(InlineBytecodeGenerator.java:281)
... 21 more
]]>
    </error>
  </testcase> <!-- testLoginAction -->
  <testcase classname="com.alphatechsz.computerstore.unit.LoginMenuTest" name="testLoginAction" time="0.046">
    <error message="Could not modify all classes [class javax.swing.JOptionPane]" type="org.mockito.exceptions.base.MockitoException">
      <![CDATA[org.mockito.exceptions.base.MockitoException: Could not modify all classes [class javax.swing.JOptionPane]
at computerstore_test.support.JOptionPaneMock.<init>(JOptionPaneMock.java:16)
at computerstore_test.support.JOptionPaneMock.install(JOptionPaneMock.java:25)
at com.alphatechsz.computerstore.unit.LoginMenuTest.testLoginAction(LoginMenuTest.java:56)
at java.base/jdk.internal.reflect.DirectMethodHandleAccessor.invoke(DirectMethodHandleAccessor.java:104)
at java.base/java.lang.reflect.Method.invoke(Method.java:565)
at org.testng.internal.invokers.MethodInvocationHelper.invokeMethod(MethodInvocationHelper.java:141)
at org.testng.internal.invokers.TestInvoker.invokeMethod(TestInvoker.java:686)
at org.testng.internal.invokers.TestInvoker.invokeTestMethod(TestInvoker.java:230)
at org.testng.internal.invokers.TestMethodWithDataProviderMethodWorker.call(TestMethodWithDataProviderMethodWorker.java:81)
at org.testng.internal.thread.Async$AsyncTask.run(Async.java:34)
at java.base/java.util.concurrent.ThreadPoolExecutor.runWorker(ThreadPoolExecutor.java:1095)
at java.base/java.util.concurrent.ThreadPoolExecutor$Worker.run(ThreadPoolExecutor.java:619)
at java.base/java.lang.Thread.run(Thread.java:1447)
Caused by: java.lang.IllegalStateException: 
Byte Buddy could not instrument all classes within the mock's type hierarchy

This problem should never occur for javac-compiled classes. This problem has been observed for classes that are:
 - Compiled by older versions of scalac
 - Classes that are part of the Android distribution
at org.mockito.internal.creation.bytebuddy.InlineBytecodeGenerator.triggerRetransformation(InlineBytecodeGenerator.java:285)
at org.mockito.internal.creation.bytebuddy.InlineBytecodeGenerator.mockClassStatic(InlineBytecodeGenerator.java:226)
at org.mockito.internal.creation.bytebuddy.TypeCachingBytecodeGenerator.mockClassStatic(TypeCachingBytecodeGenerator.java:63)
at org.mockito.internal.creation.bytebuddy.InlineDelegateByteBuddyMockMaker.createStaticMock(InlineDelegateByteBuddyMockMaker.java:566)
at org.mockito.internal.creation.bytebuddy.InlineByteBuddyMockMaker.createStaticMock(InlineByteBuddyMockMaker.java:83)
at org.mockito.internal.util.MockUtil.createStaticMock(MockUtil.java:202)
at org.mockito.internal.MockitoCore.mockStatic(MockitoCore.java:134)
at org.mockito.Mockito.mockStatic(Mockito.java:2307)
at org.mockito.Mockito.mockStatic(Mockito.java:2244)
... 13 more
Caused by: java.lang.IllegalArgumentException: Java 24 (68) is not supported by the current version of Byte Buddy which officially supports Java 20 (64) - update Byte Buddy or set net.bytebuddy.experimental as a VM property
at net.bytebuddy.utility.OpenedClassReader.of(OpenedClassReader.java:96)
at net.bytebuddy.dynamic.scaffold.TypeWriter$Default$ForInlining.create(TypeWriter.java:4011)
at net.bytebuddy.dynamic.scaffold.TypeWriter$Default.make(TypeWriter.java:2224)
at net.bytebuddy.dynamic.DynamicType$Builder$AbstractBase$UsingTypeWriter.make(DynamicType.java:4050)
at net.bytebuddy.dynamic.DynamicType$Builder$AbstractBase.make(DynamicType.java:3734)
at org.mockito.internal.creation.bytebuddy.InlineBytecodeGenerator.transform(InlineBytecodeGenerator.java:402)
at java.instrument/java.lang.instrument.ClassFileTransformer.transform(ClassFileTransformer.java:257)
at java.instrument/sun.instrument.TransformerManager.transform(TransformerManager.java:188)
at java.instrument/sun.instrument.InstrumentationImpl.transform(InstrumentationImpl.java:594)
at java.instrument/sun.instrument.InstrumentationImpl.retransformClasses0(Native Method)
at java.instrument/sun.instrument.InstrumentationImpl.retransformClasses(InstrumentationImpl.java:221)
at org.mockito.internal.creation.bytebuddy.InlineBytecodeGenerator.triggerRetransformation(InlineBytecodeGenerator.java:281)
... 21 more
]]>
    </error>
  </testcase> <!-- testLoginAction -->
  <testcase classname="com.alphatechsz.computerstore.unit.LoginMenuTest" name="testLoginAction" time="0.096">
    <error message="Could not modify all classes [class javax.swing.JOptionPane]" type="org.mockito.exceptions.base.MockitoException">
      <![CDATA[org.mockito.exceptions.base.MockitoException: Could not modify all classes [class javax.swing.JOptionPane]
at computerstore_test.support.JOptionPaneMock.<init>(JOptionPaneMock.java:16)
at computerstore_test.support.JOptionPaneMock.install(JOptionPaneMock.java:25)
at com.alphatechsz.computerstore.unit.LoginMenuTest.testLoginAction(LoginMenuTest.java:56)
at java.base/jdk.internal.reflect.DirectMethodHandleAccessor.invoke(DirectMethodHandleAccessor.java:104)
at java.base/java.lang.reflect.Method.invoke(Method.java:565)
at org.testng.internal.invokers.MethodInvocationHelper.invokeMethod(MethodInvocationHelper.java:141)
at org.testng.internal.invokers.TestInvoker.invokeMethod(TestInvoker.java:686)
at org.testng.internal.invokers.TestInvoker.invokeTestMethod(TestInvoker.java:230)
at org.testng.internal.invokers.TestMethodWithDataProviderMethodWorker.call(TestMethodWithDataProviderMethodWorker.java:81)
at org.testng.internal.thread.Async$AsyncTask.run(Async.java:34)
at java.base/java.util.concurrent.ThreadPoolExecutor.runWorker(ThreadPoolExecutor.java:1095)
at java.base/java.util.concurrent.ThreadPoolExecutor$Worker.run(ThreadPoolExecutor.java:619)
at java.base/java.lang.Thread.run(Thread.java:1447)
Caused by: java.lang.IllegalStateException: 
Byte Buddy could not instrument all classes within the mock's type hierarchy

This problem should never occur for javac-compiled classes. This problem has been observed for classes that are:
 - Compiled by older versions of scalac
 - Classes that are part of the Android distribution
at org.mockito.internal.creation.bytebuddy.InlineBytecodeGenerator.triggerRetransformation(InlineBytecodeGenerator.java:285)
at org.mockito.internal.creation.bytebuddy.InlineBytecodeGenerator.mockClassStatic(InlineBytecodeGenerator.java:226)
at org.mockito.internal.creation.bytebuddy.TypeCachingBytecodeGenerator.mockClassStatic(TypeCachingBytecodeGenerator.java:63)
at org.mockito.internal.creation.bytebuddy.InlineDelegateByteBuddyMockMaker.createStaticMock(InlineDelegateByteBuddyMockMaker.java:566)
at org.mockito.internal.creation.bytebuddy.InlineByteBuddyMockMaker.createStaticMock(InlineByteBuddyMockMaker.java:83)
at org.mockito.internal.util.MockUtil.createStaticMock(MockUtil.java:202)
at org.mockito.internal.MockitoCore.mockStatic(MockitoCore.java:134)
at org.mockito.Mockito.mockStatic(Mockito.java:2307)
at org.mockito.Mockito.mockStatic(Mockito.java:2244)
... 13 more
Caused by: java.lang.IllegalArgumentException: Java 24 (68) is not supported by the current version of Byte Buddy which officially supports Java 20 (64) - update Byte Buddy or set net.bytebuddy.experimental as a VM property
at net.bytebuddy.utility.OpenedClassReader.of(OpenedClassReader.java:96)
at net.bytebuddy.dynamic.scaffold.TypeWriter$Default$ForInlining.create(TypeWriter.java:4011)
at net.bytebuddy.dynamic.scaffold.TypeWriter$Default.make(TypeWriter.java:2224)
at net.bytebuddy.dynamic.DynamicType$Builder$AbstractBase$UsingTypeWriter.make(DynamicType.java:4050)
at net.bytebuddy.dynamic.DynamicType$Builder$AbstractBase.make(DynamicType.java:3734)
at org.mockito.internal.creation.bytebuddy.InlineBytecodeGenerator.transform(InlineBytecodeGenerator.java:402)
at java.instrument/java.lang.instrument.ClassFileTransformer.transform(ClassFileTransformer.java:257)
at java.instrument/sun.instrument.TransformerManager.transform(TransformerManager.java:188)
at java.instrument/sun.instrument.InstrumentationImpl.transform(InstrumentationImpl.java:594)
at java.instrument/sun.instrument.InstrumentationImpl.retransformClasses0(Native Method)
at java.instrument/sun.instrument.InstrumentationImpl.retransformClasses(InstrumentationImpl.java:221)
at org.mockito.internal.creation.bytebuddy.InlineBytecodeGenerator.triggerRetransformation(InlineBytecodeGenerator.java:281)
... 21 more
]]>
    </error>
  </testcase> <!-- testLoginAction -->
  <testcase classname="com.alphatechsz.computerstore.unit.LoginMenuTest" name="testLoginAction" time="0.221">
    <error message="Could not modify all classes [class javax.swing.JOptionPane]" type="org.mockito.exceptions.base.MockitoException">
      <![CDATA[org.mockito.exceptions.base.MockitoException: Could not modify all classes [class javax.swing.JOptionPane]
at computerstore_test.support.JOptionPaneMock.<init>(JOptionPaneMock.java:16)
at computerstore_test.support.JOptionPaneMock.install(JOptionPaneMock.java:25)
at com.alphatechsz.computerstore.unit.LoginMenuTest.testLoginAction(LoginMenuTest.java:56)
at java.base/jdk.internal.reflect.DirectMethodHandleAccessor.invoke(DirectMethodHandleAccessor.java:104)
at java.base/java.lang.reflect.Method.invoke(Method.java:565)
at org.testng.internal.invokers.MethodInvocationHelper.invokeMethod(MethodInvocationHelper.java:141)
at org.testng.internal.invokers.TestInvoker.invokeMethod(TestInvoker.java:686)
at org.testng.internal.invokers.TestInvoker.invokeTestMethod(TestInvoker.java:230)
at org.testng.internal.invokers.TestMethodWithDataProviderMethodWorker.call(TestMethodWithDataProviderMethodWorker.java:81)
at org.testng.internal.thread.Async$AsyncTask.run(Async.java:34)
at java.base/java.util.concurrent.ThreadPoolExecutor.runWorker(ThreadPoolExecutor.java:1095)
at java.base/java.util.concurrent.ThreadPoolExecutor$Worker.run(ThreadPoolExecutor.java:619)
at java.base/java.lang.Thread.run(Thread.java:1447)
Caused by: java.lang.IllegalStateException: 
Byte Buddy could not instrument all classes within the mock's type hierarchy

This problem should never occur for javac-compiled classes. This problem has been observed for classes that are:
 - Compiled by older versions of scalac
 - Classes that are part of the Android distribution
at org.mockito.internal.creation.bytebuddy.InlineBytecodeGenerator.triggerRetransformation(InlineBytecodeGenerator.java:285)
at org.mockito.internal.creation.bytebuddy.InlineBytecodeGenerator.mockClassStatic(InlineBytecodeGenerator.java:226)
at org.mockito.internal.creation.bytebuddy.TypeCachingBytecodeGenerator.mockClassStatic(TypeCachingBytecodeGenerator.java:63)
at org.mockito.internal.creation.bytebuddy.InlineDelegateByteBuddyMockMaker.createStaticMock(InlineDelegateByteBuddyMockMaker.java:566)
at org.mockito.internal.creation.bytebuddy.InlineByteBuddyMockMaker.createStaticMock(InlineByteBuddyMockMaker.java:83)
at org.mockito.internal.util.MockUtil.createStaticMock(MockUtil.java:202)
at org.mockito.internal.MockitoCore.mockStatic(MockitoCore.java:134)
at org.mockito.Mockito.mockStatic(Mockito.java:2307)
at org.mockito.Mockito.mockStatic(Mockito.java:2244)
... 13 more
Caused by: java.lang.IllegalArgumentException: Java 24 (68) is not supported by the current version of Byte Buddy which officially supports Java 20 (64) - update Byte Buddy or set net.bytebuddy.experimental as a VM property
at net.bytebuddy.utility.OpenedClassReader.of(OpenedClassReader.java:96)
at net.bytebuddy.dynamic.scaffold.TypeWriter$Default$ForInlining.create(TypeWriter.java:4011)
at net.bytebuddy.dynamic.scaffold.TypeWriter$Default.make(TypeWriter.java:2224)
at net.bytebuddy.dynamic.DynamicType$Builder$AbstractBase$UsingTypeWriter.make(DynamicType.java:4050)
at net.bytebuddy.dynamic.DynamicType$Builder$AbstractBase.make(DynamicType.java:3734)
at org.mockito.internal.creation.bytebuddy.InlineBytecodeGenerator.transform(InlineBytecodeGenerator.java:402)
at java.instrument/java.lang.instrument.ClassFileTransformer.transform(ClassFileTransformer.java:257)
at java.instrument/sun.instrument.TransformerManager.transform(TransformerManager.java:188)
at java.instrument/sun.instrument.InstrumentationImpl.transform(InstrumentationImpl.java:594)
at java.instrument/sun.instrument.InstrumentationImpl.retransformClasses0(Native Method)
at java.instrument/sun.instrument.InstrumentationImpl.retransformClasses(InstrumentationImpl.java:221)
at org.mockito.internal.creation.bytebuddy.InlineBytecodeGenerator.triggerRetransformation(InlineBytecodeGenerator.java:281)
... 21 more
]]>
    </error>
  </testcase> <!-- testLoginAction -->
  <testcase classname="com.alphatechsz.computerstore.unit.LoginMenuTest" name="testExitButtonDisposesFrame" time="0.032">
    <error message="Could not modify all classes [class javax.swing.JOptionPane]" type="org.mockito.exceptions.base.MockitoException">
      <![CDATA[org.mockito.exceptions.base.MockitoException: Could not modify all classes [class javax.swing.JOptionPane]
at computerstore_test.support.JOptionPaneMock.<init>(JOptionPaneMock.java:16)
at computerstore_test.support.JOptionPaneMock.install(JOptionPaneMock.java:25)
at com.alphatechsz.computerstore.unit.LoginMenuTest.testExitButtonDisposesFrame(LoginMenuTest.java:87)
at java.base/jdk.internal.reflect.DirectMethodHandleAccessor.invoke(DirectMethodHandleAccessor.java:104)
at java.base/java.lang.reflect.Method.invoke(Method.java:565)
at org.testng.internal.invokers.MethodInvocationHelper.invokeMethod(MethodInvocationHelper.java:141)
at org.testng.internal.invokers.TestInvoker.invokeMethod(TestInvoker.java:686)
at org.testng.internal.invokers.TestInvoker.invokeTestMethod(TestInvoker.java:230)
at org.testng.internal.invokers.MethodRunner.runInSequence(MethodRunner.java:63)
at org.testng.internal.invokers.TestInvoker$MethodInvocationAgent.invoke(TestInvoker.java:992)
at org.testng.internal.invokers.TestInvoker.invokeTestMethods(TestInvoker.java:203)
at org.testng.internal.invokers.TestMethodWorker.invokeTestMethods(TestMethodWorker.java:154)
at org.testng.internal.invokers.TestMethodWorker.run(TestMethodWorker.java:134)
at java.base/java.util.ArrayList.forEach(ArrayList.java:1604)
at org.testng.TestRunner.privateRun(TestRunner.java:739)
at org.testng.TestRunner.run(TestRunner.java:614)
at org.testng.SuiteRunner.runTest(SuiteRunner.java:421)
at org.testng.SuiteRunner.runSequentially(SuiteRunner.java:413)
at org.testng.SuiteRunner.privateRun(SuiteRunner.java:373)
at org.testng.SuiteRunner.run(SuiteRunner.java:312)
at org.testng.SuiteRunnerWorker.runSuite(SuiteRunnerWorker.java:52)
at org.testng.SuiteRunnerWorker.run(SuiteRunnerWorker.java:95)
at org.testng.TestNG.runSuitesSequentially(TestNG.java:1274)
at org.testng.TestNG.runSuitesLocally(TestNG.java:1208)
at org.testng.TestNG.runSuites(TestNG.java:1112)
at org.testng.TestNG.run(TestNG.java:1079)
at org.apache.maven.surefire.testng.TestNGExecutor.run(TestNGExecutor.java:155)
at org.apache.maven.surefire.testng.TestNGDirectoryTestSuite.executeMulti(TestNGDirectoryTestSuite.java:169)
at org.apache.maven.surefire.testng.TestNGDirectoryTestSuite.execute(TestNGDirectoryTestSuite.java:88)
at org.apache.maven.surefire.testng.TestNGProvider.invoke(TestNGProvider.java:137)
at org.apache.maven.surefire.booter.ForkedBooter.runSuitesInProcess(ForkedBooter.java:385)
at org.apache.maven.surefire.booter.ForkedBooter.execute(ForkedBooter.java:162)
at org.apache.maven.surefire.booter.ForkedBooter.run(ForkedBooter.java:507)
at org.apache.maven.surefire.booter.ForkedBooter.main(ForkedBooter.java:495)
Caused by: java.lang.IllegalStateException: 
Byte Buddy could not instrument all classes within the mock's type hierarchy

This problem should never occur for javac-compiled classes. This problem has been observed for classes that are:
 - Compiled by older versions of scalac
 - Classes that are part of the Android distribution
at org.mockito.internal.creation.bytebuddy.InlineBytecodeGenerator.triggerRetransformation(InlineBytecodeGenerator.java:285)
at org.mockito.internal.creation.bytebuddy.InlineBytecodeGenerator.mockClassStatic(InlineBytecodeGenerator.java:226)
at org.mockito.internal.creation.bytebuddy.TypeCachingBytecodeGenerator.mockClassStatic(TypeCachingBytecodeGenerator.java:63)
at org.mockito.internal.creation.bytebuddy.InlineDelegateByteBuddyMockMaker.createStaticMock(InlineDelegateByteBuddyMockMaker.java:566)
at org.mockito.internal.creation.bytebuddy.InlineByteBuddyMockMaker.createStaticMock(InlineByteBuddyMockMaker.java:83)
at org.mockito.internal.util.MockUtil.createStaticMock(MockUtil.java:202)
at org.mockito.internal.MockitoCore.mockStatic(MockitoCore.java:134)
at org.mockito.Mockito.mockStatic(Mockito.java:2307)
at org.mockito.Mockito.mockStatic(Mockito.java:2244)
... 34 more
Caused by: java.lang.IllegalArgumentException: Java 24 (68) is not supported by the current version of Byte Buddy which officially supports Java 20 (64) - update Byte Buddy or set net.bytebuddy.experimental as a VM property
at net.bytebuddy.utility.OpenedClassReader.of(OpenedClassReader.java:96)
at net.bytebuddy.dynamic.scaffold.TypeWriter$Default$ForInlining.create(TypeWriter.java:4011)
at net.bytebuddy.dynamic.scaffold.TypeWriter$Default.make(TypeWriter.java:2224)
at net.bytebuddy.dynamic.DynamicType$Builder$AbstractBase$UsingTypeWriter.make(DynamicType.java:4050)
at net.bytebuddy.dynamic.DynamicType$Builder$AbstractBase.make(DynamicType.java:3734)
at org.mockito.internal.creation.bytebuddy.InlineBytecodeGenerator.transform(InlineBytecodeGenerator.java:402)
at java.instrument/java.lang.instrument.ClassFileTransformer.transform(ClassFileTransformer.java:257)
at java.instrument/sun.instrument.TransformerManager.transform(TransformerManager.java:188)
at java.instrument/sun.instrument.InstrumentationImpl.transform(InstrumentationImpl.java:594)
at java.instrument/sun.instrument.InstrumentationImpl.retransformClasses0(Native Method)
at java.instrument/sun.instrument.InstrumentationImpl.retransformClasses(InstrumentationImpl.java:221)
at org.mockito.internal.creation.bytebuddy.InlineBytecodeGenerator.triggerRetransformation(InlineBytecodeGenerator.java:281)
... 42 more
]]>
    </error>
  </testcase> <!-- testExitButtonDisposesFrame -->
  <testcase classname="com.alphatechsz.computerstore.unit.LoginMenuTest" name="testLoginAction" time="0.039">
    <error message="Could not modify all classes [class javax.swing.JOptionPane]" type="org.mockito.exceptions.base.MockitoException">
      <![CDATA[org.mockito.exceptions.base.MockitoException: Could not modify all classes [class javax.swing.JOptionPane]
at computerstore_test.support.JOptionPaneMock.<init>(JOptionPaneMock.java:16)
at computerstore_test.support.JOptionPaneMock.install(JOptionPaneMock.java:25)
at com.alphatechsz.computerstore.unit.LoginMenuTest.testLoginAction(LoginMenuTest.java:56)
at java.base/jdk.internal.reflect.DirectMethodHandleAccessor.invoke(DirectMethodHandleAccessor.java:104)
at java.base/java.lang.reflect.Method.invoke(Method.java:565)
at org.testng.internal.invokers.MethodInvocationHelper.invokeMethod(MethodInvocationHelper.java:141)
at org.testng.internal.invokers.TestInvoker.invokeMethod(TestInvoker.java:686)
at org.testng.internal.invokers.TestInvoker.invokeTestMethod(TestInvoker.java:230)
at org.testng.internal.invokers.TestMethodWithDataProviderMethodWorker.call(TestMethodWithDataProviderMethodWorker.java:81)
at org.testng.internal.thread.Async$AsyncTask.run(Async.java:34)
at java.base/java.util.concurrent.ThreadPoolExecutor.runWorker(ThreadPoolExecutor.java:1095)
at java.base/java.util.concurrent.ThreadPoolExecutor$Worker.run(ThreadPoolExecutor.java:619)
at java.base/java.lang.Thread.run(Thread.java:1447)
Caused by: java.lang.IllegalStateException: 
Byte Buddy could not instrument all classes within the mock's type hierarchy

This problem should never occur for javac-compiled classes. This problem has been observed for classes that are:
 - Compiled by older versions of scalac
 - Classes that are part of the Android distribution
at org.mockito.internal.creation.bytebuddy.InlineBytecodeGenerator.triggerRetransformation(InlineBytecodeGenerator.java:285)
at org.mockito.internal.creation.bytebuddy.InlineBytecodeGenerator.mockClassStatic(InlineBytecodeGenerator.java:226)
at org.mockito.internal.creation.bytebuddy.TypeCachingBytecodeGenerator.mockClassStatic(TypeCachingBytecodeGenerator.java:63)
at org.mockito.internal.creation.bytebuddy.InlineDelegateByteBuddyMockMaker.createStaticMock(InlineDelegateByteBuddyMockMaker.java:566)
at org.mockito.internal.creation.bytebuddy.InlineByteBuddyMockMaker.createStaticMock(InlineByteBuddyMockMaker.java:83)
at org.mockito.internal.util.MockUtil.createStaticMock(MockUtil.java:202)
at org.mockito.internal.MockitoCore.mockStatic(MockitoCore.java:134)
at org.mockito.Mockito.mockStatic(Mockito.java:2307)
at org.mockito.Mockito.mockStatic(Mockito.java:2244)
... 13 more
Caused by: java.lang.IllegalArgumentException: Java 24 (68) is not supported by the current version of Byte Buddy which officially supports Java 20 (64) - update Byte Buddy or set net.bytebuddy.experimental as a VM property
at net.bytebuddy.utility.OpenedClassReader.of(OpenedClassReader.java:96)
at net.bytebuddy.dynamic.scaffold.TypeWriter$Default$ForInlining.create(TypeWriter.java:4011)
at net.bytebuddy.dynamic.scaffold.TypeWriter$Default.make(TypeWriter.java:2224)
at net.bytebuddy.dynamic.DynamicType$Builder$AbstractBase$UsingTypeWriter.make(DynamicType.java:4050)
at net.bytebuddy.dynamic.DynamicType$Builder$AbstractBase.make(DynamicType.java:3734)
at org.mockito.internal.creation.bytebuddy.InlineBytecodeGenerator.transform(InlineBytecodeGenerator.java:402)
at java.instrument/java.lang.instrument.ClassFileTransformer.transform(ClassFileTransformer.java:257)
at java.instrument/sun.instrument.TransformerManager.transform(TransformerManager.java:188)
at java.instrument/sun.instrument.InstrumentationImpl.transform(InstrumentationImpl.java:594)
at java.instrument/sun.instrument.InstrumentationImpl.retransformClasses0(Native Method)
at java.instrument/sun.instrument.InstrumentationImpl.retransformClasses(InstrumentationImpl.java:221)
at org.mockito.internal.creation.bytebuddy.InlineBytecodeGenerator.triggerRetransformation(InlineBytecodeGenerator.java:281)
... 21 more
]]>
    </error>
  </testcase> <!-- testLoginAction -->
  <testcase classname="com.alphatechsz.computerstore.unit.LoginMenuTest" name="testLoginAction" time="0.106">
    <error message="Could not modify all classes [class javax.swing.JOptionPane]" type="org.mockito.exceptions.base.MockitoException">
      <![CDATA[org.mockito.exceptions.base.MockitoException: Could not modify all classes [class javax.swing.JOptionPane]
at computerstore_test.support.JOptionPaneMock.<init>(JOptionPaneMock.java:16)
at computerstore_test.support.JOptionPaneMock.install(JOptionPaneMock.java:25)
at com.alphatechsz.computerstore.unit.LoginMenuTest.testLoginAction(LoginMenuTest.java:56)
at java.base/jdk.internal.reflect.DirectMethodHandleAccessor.invoke(DirectMethodHandleAccessor.java:104)
at java.base/java.lang.reflect.Method.invoke(Method.java:565)
at org.testng.internal.invokers.MethodInvocationHelper.invokeMethod(MethodInvocationHelper.java:141)
at org.testng.internal.invokers.TestInvoker.invokeMethod(TestInvoker.java:686)
at org.testng.internal.invokers.TestInvoker.invokeTestMethod(TestInvoker.java:230)
at org.testng.internal.invokers.TestMethodWithDataProviderMethodWorker.call(TestMethodWithDataProviderMethodWorker.java:81)
at org.testng.internal.thread.Async$AsyncTask.run(Async.java:34)
at java.base/java.util.concurrent.ThreadPoolExecutor.runWorker(ThreadPoolExecutor.java:1095)
at java.base/java.util.concurrent.ThreadPoolExecutor$Worker.run(ThreadPoolExecutor.java:619)
at java.base/java.lang.Thread.run(Thread.java:1447)
Caused by: java.lang.IllegalStateException: 
Byte Buddy could not instrument all classes within the mock's type hierarchy

This problem should never occur for javac-compiled classes. This problem has been observed for classes that are:
 - Compiled by older versions of scalac
 - Classes that are part of the Android distribution
at org.mockito.internal.creation.bytebuddy.InlineBytecodeGenerator.triggerRetransformation(InlineBytecodeGenerator.java:285)
at org.mockito.internal.creation.bytebuddy.InlineBytecodeGenerator.mockClassStatic(InlineBytecodeGenerator.java:226)
at org.mockito.internal.creation.bytebuddy.TypeCachingBytecodeGenerator.mockClassStatic(TypeCachingBytecodeGenerator.java:63)
at org.mockito.internal.creation.bytebuddy.InlineDelegateByteBuddyMockMaker.createStaticMock(InlineDelegateByteBuddyMockMaker.java:566)
at org.mockito.internal.creation.bytebuddy.InlineByteBuddyMockMaker.createStaticMock(InlineByteBuddyMockMaker.java:83)
at org.mockito.internal.util.MockUtil.createStaticMock(MockUtil.java:202)
at org.mockito.internal.MockitoCore.mockStatic(MockitoCore.java:134)
at org.mockito.Mockito.mockStatic(Mockito.java:2307)
at org.mockito.Mockito.mockStatic(Mockito.java:2244)
... 13 more
Caused by: java.lang.IllegalArgumentException: Java 24 (68) is not supported by the current version of Byte Buddy which officially supports Java 20 (64) - update Byte Buddy or set net.bytebuddy.experimental as a VM property
at net.bytebuddy.utility.OpenedClassReader.of(OpenedClassReader.java:96)
at net.bytebuddy.dynamic.scaffold.TypeWriter$Default$ForInlining.create(TypeWriter.java:4011)
at net.bytebuddy.dynamic.scaffold.TypeWriter$Default.make(TypeWriter.java:2224)
at net.bytebuddy.dynamic.DynamicType$Builder$AbstractBase$UsingTypeWriter.make(DynamicType.java:4050)
at net.bytebuddy.dynamic.DynamicType$Builder$AbstractBase.make(DynamicType.java:3734)
at org.mockito.internal.creation.bytebuddy.InlineBytecodeGenerator.transform(InlineBytecodeGenerator.java:402)
at java.instrument/java.lang.instrument.ClassFileTransformer.transform(ClassFileTransformer.java:257)
at java.instrument/sun.instrument.TransformerManager.transform(TransformerManager.java:188)
at java.instrument/sun.instrument.InstrumentationImpl.transform(InstrumentationImpl.java:594)
at java.instrument/sun.instrument.InstrumentationImpl.retransformClasses0(Native Method)
at java.instrument/sun.instrument.InstrumentationImpl.retransformClasses(InstrumentationImpl.java:221)
at org.mockito.internal.creation.bytebuddy.InlineBytecodeGenerator.triggerRetransformation(InlineBytecodeGenerator.java:281)
... 21 more
]]>
    </error>
  </testcase> <!-- testLoginAction -->
  <testcase classname="com.alphatechsz.computerstore.unit.LoginMenuTest" name="testLoginAction" time="0.288">
    <error message="Could not modify all classes [class javax.swing.JOptionPane]" type="org.mockito.exceptions.base.MockitoException">
      <![CDATA[org.mockito.exceptions.base.MockitoException: Could not modify all classes [class javax.swing.JOptionPane]
at computerstore_test.support.JOptionPaneMock.<init>(JOptionPaneMock.java:16)
at computerstore_test.support.JOptionPaneMock.install(JOptionPaneMock.java:25)
at com.alphatechsz.computerstore.unit.LoginMenuTest.testLoginAction(LoginMenuTest.java:56)
at java.base/jdk.internal.reflect.DirectMethodHandleAccessor.invoke(DirectMethodHandleAccessor.java:104)
at java.base/java.lang.reflect.Method.invoke(Method.java:565)
at org.testng.internal.invokers.MethodInvocationHelper.invokeMethod(MethodInvocationHelper.java:141)
at org.testng.internal.invokers.TestInvoker.invokeMethod(TestInvoker.java:686)
at org.testng.internal.invokers.TestInvoker.invokeTestMethod(TestInvoker.java:230)
at org.testng.internal.invokers.TestMethodWithDataProviderMethodWorker.call(TestMethodWithDataProviderMethodWorker.java:81)
at org.testng.internal.thread.Async$AsyncTask.run(Async.java:34)
at java.base/java.util.concurrent.ThreadPoolExecutor.runWorker(ThreadPoolExecutor.java:1095)
at java.base/java.util.concurrent.ThreadPoolExecutor$Worker.run(ThreadPoolExecutor.java:619)
at java.base/java.lang.Thread.run(Thread.java:1447)
Caused by: java.lang.IllegalStateException: 
Byte Buddy could not instrument all classes within the mock's type hierarchy

This problem should never occur for javac-compiled classes. This problem has been observed for classes that are:
 - Compiled by older versions of scalac
 - Classes that are part of the Android distribution
at org.mockito.internal.creation.bytebuddy.InlineBytecodeGenerator.triggerRetransformation(InlineBytecodeGenerator.java:285)
at org.mockito.internal.creation.bytebuddy.InlineBytecodeGenerator.mockClassStatic(InlineBytecodeGenerator.java:226)
at org.mockito.internal.creation.bytebuddy.TypeCachingBytecodeGenerator.mockClassStatic(TypeCachingBytecodeGenerator.java:63)
at org.mockito.internal.creation.bytebuddy.InlineDelegateByteBuddyMockMaker.createStaticMock(InlineDelegateByteBuddyMockMaker.java:566)
at org.mockito.internal.creation.bytebuddy.InlineByteBuddyMockMaker.createStaticMock(InlineByteBuddyMockMaker.java:83)
at org.mockito.internal.util.MockUtil.createStaticMock(MockUtil.java:202)
at org.mockito.internal.MockitoCore.mockStatic(MockitoCore.java:134)
at org.mockito.Mockito.mockStatic(Mockito.java:2307)
at org.mockito.Mockito.mockStatic(Mockito.java:2244)
... 13 more
Caused by: java.lang.IllegalArgumentException: Java 24 (68) is not supported by the current version of Byte Buddy which officially supports Java 20 (64) - update Byte Buddy or set net.bytebuddy.experimental as a VM property
at net.bytebuddy.utility.OpenedClassReader.of(OpenedClassReader.java:96)
at net.bytebuddy.dynamic.scaffold.TypeWriter$Default$ForInlining.create(TypeWriter.java:4011)
at net.bytebuddy.dynamic.scaffold.TypeWriter$Default.make(TypeWriter.java:2224)
at net.bytebuddy.dynamic.DynamicType$Builder$AbstractBase$UsingTypeWriter.make(DynamicType.java:4050)
at net.bytebuddy.dynamic.DynamicType$Builder$AbstractBase.make(DynamicType.java:3734)
at org.mockito.internal.creation.bytebuddy.InlineBytecodeGenerator.transform(InlineBytecodeGenerator.java:402)
at java.instrument/java.lang.instrument.ClassFileTransformer.transform(ClassFileTransformer.java:257)
at java.instrument/sun.instrument.TransformerManager.transform(TransformerManager.java:188)
at java.instrument/sun.instrument.InstrumentationImpl.transform(InstrumentationImpl.java:594)
at java.instrument/sun.instrument.InstrumentationImpl.retransformClasses0(Native Method)
at java.instrument/sun.instrument.InstrumentationImpl.retransformClasses(InstrumentationImpl.java:221)
at org.mockito.internal.creation.bytebuddy.InlineBytecodeGenerator.triggerRetransformation(InlineBytecodeGenerator.java:281)
... 21 more
]]>
    </error>
  </testcase> <!-- testLoginAction -->
  <testcase classname="com.alphatechsz.computerstore.unit.LoginMenuTest" name="testLoginAction" time="0.430">
    <error message="Could not modify all classes [class javax.swing.JOptionPane]" type="org.mockito.exceptions.base.MockitoException">
      <![CDATA[org.mockito.exceptions.base.MockitoException: Could not modify all classes [class javax.swing.JOptionPane]
at computerstore_test.support.JOptionPaneMock.<init>(JOptionPaneMock.java:16)
at computerstore_test.support.JOptionPaneMock.install(JOptionPaneMock.java:25)
at com.alphatechsz.computerstore.unit.LoginMenuTest.testLoginAction(LoginMenuTest.java:56)
at java.base/jdk.internal.reflect.DirectMethodHandleAccessor.invoke(DirectMethodHandleAccessor.java:104)
at java.base/java.lang.reflect.Method.invoke(Method.java:565)
at org.testng.internal.invokers.MethodInvocationHelper.invokeMethod(MethodInvocationHelper.java:141)
at org.testng.internal.invokers.TestInvoker.invokeMethod(TestInvoker.java:686)
at org.testng.internal.invokers.TestInvoker.invokeTestMethod(TestInvoker.java:230)
at org.testng.internal.invokers.TestMethodWithDataProviderMethodWorker.call(TestMethodWithDataProviderMethodWorker.java:81)
at org.testng.internal.thread.Async$AsyncTask.run(Async.java:34)
at java.base/java.util.concurrent.ThreadPoolExecutor.runWorker(ThreadPoolExecutor.java:1095)
at java.base/java.util.concurrent.ThreadPoolExecutor$Worker.run(ThreadPoolExecutor.java:619)
at java.base/java.lang.Thread.run(Thread.java:1447)
Caused by: java.lang.IllegalStateException: 
Byte Buddy could not instrument all classes within the mock's type hierarchy

This problem should never occur for javac-compiled classes. This problem has been observed for classes that are:
 - Compiled by older versions of scalac
 - Classes that are part of the Android distribution
at org.mockito.internal.creation.bytebuddy.InlineBytecodeGenerator.triggerRetransformation(InlineBytecodeGenerator.java:285)
at org.mockito.internal.creation.bytebuddy.InlineBytecodeGenerator.mockClassStatic(InlineBytecodeGenerator.java:226)
at org.mockito.internal.creation.bytebuddy.TypeCachingBytecodeGenerator.mockClassStatic(TypeCachingBytecodeGenerator.java:63)
at org.mockito.internal.creation.bytebuddy.InlineDelegateByteBuddyMockMaker.createStaticMock(InlineDelegateByteBuddyMockMaker.java:566)
at org.mockito.internal.creation.bytebuddy.InlineByteBuddyMockMaker.createStaticMock(InlineByteBuddyMockMaker.java:83)
at org.mockito.internal.util.MockUtil.createStaticMock(MockUtil.java:202)
at org.mockito.internal.MockitoCore.mockStatic(MockitoCore.java:134)
at org.mockito.Mockito.mockStatic(Mockito.java:2307)
at org.mockito.Mockito.mockStatic(Mockito.java:2244)
... 13 more
Caused by: java.lang.IllegalArgumentException: Java 24 (68) is not supported by the current version of Byte Buddy which officially supports Java 20 (64) - update Byte Buddy or set net.bytebuddy.experimental as a VM property
at net.bytebuddy.utility.OpenedClassReader.of(OpenedClassReader.java:96)
at net.bytebuddy.dynamic.scaffold.TypeWriter$Default$ForInlining.create(TypeWriter.java:4011)
at net.bytebuddy.dynamic.scaffold.TypeWriter$Default.make(TypeWriter.java:2224)
at net.bytebuddy.dynamic.DynamicType$Builder$AbstractBase$UsingTypeWriter.make(DynamicType.java:4050)
at net.bytebuddy.dynamic.DynamicType$Builder$AbstractBase.make(DynamicType.java:3734)
at org.mockito.internal.creation.bytebuddy.InlineBytecodeGenerator.transform(InlineBytecodeGenerator.java:402)
at java.instrument/java.lang.instrument.ClassFileTransformer.transform(ClassFileTransformer.java:257)
at java.instrument/sun.instrument.TransformerManager.transform(TransformerManager.java:188)
at java.instrument/sun.instrument.InstrumentationImpl.transform(InstrumentationImpl.java:594)
at java.instrument/sun.instrument.InstrumentationImpl.retransformClasses0(Native Method)
at java.instrument/sun.instrument.InstrumentationImpl.retransformClasses(InstrumentationImpl.java:221)
at org.mockito.internal.creation.bytebuddy.InlineBytecodeGenerator.triggerRetransformation(InlineBytecodeGenerator.java:281)
... 21 more
]]>
    </error>
  </testcase> <!-- testLoginAction -->
  <testcase classname="com.alphatechsz.computerstore.unit.LoginMenuTest" name="testLoginWithNumberFormatShowsErrorDialog" time="0.034">
    <error message="Could not modify all classes [class javax.swing.JOptionPane]" type="org.mockito.exceptions.base.MockitoException">
      <![CDATA[org.mockito.exceptions.base.MockitoException: Could not modify all classes [class javax.swing.JOptionPane]
at computerstore_test.support.JOptionPaneMock.<init>(JOptionPaneMock.java:16)
at computerstore_test.support.JOptionPaneMock.install(JOptionPaneMock.java:25)
at com.alphatechsz.computerstore.unit.LoginMenuTest.testLoginWithNumberFormatShowsErrorDialog(LoginMenuTest.java:102)
at java.base/jdk.internal.reflect.DirectMethodHandleAccessor.invoke(DirectMethodHandleAccessor.java:104)
at java.base/java.lang.reflect.Method.invoke(Method.java:565)
at org.testng.internal.invokers.MethodInvocationHelper.invokeMethod(MethodInvocationHelper.java:141)
at org.testng.internal.invokers.TestInvoker.invokeMethod(TestInvoker.java:686)
at org.testng.internal.invokers.TestInvoker.invokeTestMethod(TestInvoker.java:230)
at org.testng.internal.invokers.MethodRunner.runInSequence(MethodRunner.java:63)
at org.testng.internal.invokers.TestInvoker$MethodInvocationAgent.invoke(TestInvoker.java:992)
at org.testng.internal.invokers.TestInvoker.invokeTestMethods(TestInvoker.java:203)
at org.testng.internal.invokers.TestMethodWorker.invokeTestMethods(TestMethodWorker.java:154)
at org.testng.internal.invokers.TestMethodWorker.run(TestMethodWorker.java:134)
at java.base/java.util.ArrayList.forEach(ArrayList.java:1604)
at org.testng.TestRunner.privateRun(TestRunner.java:739)
at org.testng.TestRunner.run(TestRunner.java:614)
at org.testng.SuiteRunner.runTest(SuiteRunner.java:421)
at org.testng.SuiteRunner.runSequentially(SuiteRunner.java:413)
at org.testng.SuiteRunner.privateRun(SuiteRunner.java:373)
at org.testng.SuiteRunner.run(SuiteRunner.java:312)
at org.testng.SuiteRunnerWorker.runSuite(SuiteRunnerWorker.java:52)
at org.testng.SuiteRunnerWorker.run(SuiteRunnerWorker.java:95)
at org.testng.TestNG.runSuitesSequentially(TestNG.java:1274)
at org.testng.TestNG.runSuitesLocally(TestNG.java:1208)
at org.testng.TestNG.runSuites(TestNG.java:1112)
at org.testng.TestNG.run(TestNG.java:1079)
at org.apache.maven.surefire.testng.TestNGExecutor.run(TestNGExecutor.java:155)
at org.apache.maven.surefire.testng.TestNGDirectoryTestSuite.executeMulti(TestNGDirectoryTestSuite.java:169)
at org.apache.maven.surefire.testng.TestNGDirectoryTestSuite.execute(TestNGDirectoryTestSuite.java:88)
at org.apache.maven.surefire.testng.TestNGProvider.invoke(TestNGProvider.java:137)
at org.apache.maven.surefire.booter.ForkedBooter.runSuitesInProcess(ForkedBooter.java:385)
at org.apache.maven.surefire.booter.ForkedBooter.execute(ForkedBooter.java:162)
at org.apache.maven.surefire.booter.ForkedBooter.run(ForkedBooter.java:507)
at org.apache.maven.surefire.booter.ForkedBooter.main(ForkedBooter.java:495)
Caused by: java.lang.IllegalStateException: 
Byte Buddy could not instrument all classes within the mock's type hierarchy

This problem should never occur for javac-compiled classes. This problem has been observed for classes that are:
 - Compiled by older versions of scalac
 - Classes that are part of the Android distribution
at org.mockito.internal.creation.bytebuddy.InlineBytecodeGenerator.triggerRetransformation(InlineBytecodeGenerator.java:285)
at org.mockito.internal.creation.bytebuddy.InlineBytecodeGenerator.mockClassStatic(InlineBytecodeGenerator.java:226)
at org.mockito.internal.creation.bytebuddy.TypeCachingBytecodeGenerator.mockClassStatic(TypeCachingBytecodeGenerator.java:63)
at org.mockito.internal.creation.bytebuddy.InlineDelegateByteBuddyMockMaker.createStaticMock(InlineDelegateByteBuddyMockMaker.java:566)
at org.mockito.internal.creation.bytebuddy.InlineByteBuddyMockMaker.createStaticMock(InlineByteBuddyMockMaker.java:83)
at org.mockito.internal.util.MockUtil.createStaticMock(MockUtil.java:202)
at org.mockito.internal.MockitoCore.mockStatic(MockitoCore.java:134)
at org.mockito.Mockito.mockStatic(Mockito.java:2307)
at org.mockito.Mockito.mockStatic(Mockito.java:2244)
... 34 more
Caused by: java.lang.IllegalArgumentException: Java 24 (68) is not supported by the current version of Byte Buddy which officially supports Java 20 (64) - update Byte Buddy or set net.bytebuddy.experimental as a VM property
at net.bytebuddy.utility.OpenedClassReader.of(OpenedClassReader.java:96)
at net.bytebuddy.dynamic.scaffold.TypeWriter$Default$ForInlining.create(TypeWriter.java:4011)
at net.bytebuddy.dynamic.scaffold.TypeWriter$Default.make(TypeWriter.java:2224)
at net.bytebuddy.dynamic.DynamicType$Builder$AbstractBase$UsingTypeWriter.make(DynamicType.java:4050)
at net.bytebuddy.dynamic.DynamicType$Builder$AbstractBase.make(DynamicType.java:3734)
at org.mockito.internal.creation.bytebuddy.InlineBytecodeGenerator.transform(InlineBytecodeGenerator.java:402)
at java.instrument/java.lang.instrument.ClassFileTransformer.transform(ClassFileTransformer.java:257)
at java.instrument/sun.instrument.TransformerManager.transform(TransformerManager.java:188)
at java.instrument/sun.instrument.InstrumentationImpl.transform(InstrumentationImpl.java:594)
at java.instrument/sun.instrument.InstrumentationImpl.retransformClasses0(Native Method)
at java.instrument/sun.instrument.InstrumentationImpl.retransformClasses(InstrumentationImpl.java:221)
at org.mockito.internal.creation.bytebuddy.InlineBytecodeGenerator.triggerRetransformation(InlineBytecodeGenerator.java:281)
... 42 more
]]>
    </error>
  </testcase> <!-- testLoginWithNumberFormatShowsErrorDialog -->
  <testcase classname="com.alphatechsz.computerstore.unit.LoginMenuTest" name="testLoginAction" time="0.038">
    <error message="Could not modify all classes [class javax.swing.JOptionPane]" type="org.mockito.exceptions.base.MockitoException">
      <![CDATA[org.mockito.exceptions.base.MockitoException: Could not modify all classes [class javax.swing.JOptionPane]
at computerstore_test.support.JOptionPaneMock.<init>(JOptionPaneMock.java:16)
at computerstore_test.support.JOptionPaneMock.install(JOptionPaneMock.java:25)
at com.alphatechsz.computerstore.unit.LoginMenuTest.testLoginAction(LoginMenuTest.java:56)
at java.base/jdk.internal.reflect.DirectMethodHandleAccessor.invoke(DirectMethodHandleAccessor.java:104)
at java.base/java.lang.reflect.Method.invoke(Method.java:565)
at org.testng.internal.invokers.MethodInvocationHelper.invokeMethod(MethodInvocationHelper.java:141)
at org.testng.internal.invokers.TestInvoker.invokeMethod(TestInvoker.java:686)
at org.testng.internal.invokers.TestInvoker.invokeTestMethod(TestInvoker.java:230)
at org.testng.internal.invokers.TestMethodWithDataProviderMethodWorker.call(TestMethodWithDataProviderMethodWorker.java:81)
at org.testng.internal.thread.Async$AsyncTask.run(Async.java:34)
at java.base/java.util.concurrent.ThreadPoolExecutor.runWorker(ThreadPoolExecutor.java:1095)
at java.base/java.util.concurrent.ThreadPoolExecutor$Worker.run(ThreadPoolExecutor.java:619)
at java.base/java.lang.Thread.run(Thread.java:1447)
Caused by: java.lang.IllegalStateException: 
Byte Buddy could not instrument all classes within the mock's type hierarchy

This problem should never occur for javac-compiled classes. This problem has been observed for classes that are:
 - Compiled by older versions of scalac
 - Classes that are part of the Android distribution
at org.mockito.internal.creation.bytebuddy.InlineBytecodeGenerator.triggerRetransformation(InlineBytecodeGenerator.java:285)
at org.mockito.internal.creation.bytebuddy.InlineBytecodeGenerator.mockClassStatic(InlineBytecodeGenerator.java:226)
at org.mockito.internal.creation.bytebuddy.TypeCachingBytecodeGenerator.mockClassStatic(TypeCachingBytecodeGenerator.java:63)
at org.mockito.internal.creation.bytebuddy.InlineDelegateByteBuddyMockMaker.createStaticMock(InlineDelegateByteBuddyMockMaker.java:566)
at org.mockito.internal.creation.bytebuddy.InlineByteBuddyMockMaker.createStaticMock(InlineByteBuddyMockMaker.java:83)
at org.mockito.internal.util.MockUtil.createStaticMock(MockUtil.java:202)
at org.mockito.internal.MockitoCore.mockStatic(MockitoCore.java:134)
at org.mockito.Mockito.mockStatic(Mockito.java:2307)
at org.mockito.Mockito.mockStatic(Mockito.java:2244)
... 13 more
Caused by: java.lang.IllegalArgumentException: Java 24 (68) is not supported by the current version of Byte Buddy which officially supports Java 20 (64) - update Byte Buddy or set net.bytebuddy.experimental as a VM property
at net.bytebuddy.utility.OpenedClassReader.of(OpenedClassReader.java:96)
at net.bytebuddy.dynamic.scaffold.TypeWriter$Default$ForInlining.create(TypeWriter.java:4011)
at net.bytebuddy.dynamic.scaffold.TypeWriter$Default.make(TypeWriter.java:2224)
at net.bytebuddy.dynamic.DynamicType$Builder$AbstractBase$UsingTypeWriter.make(DynamicType.java:4050)
at net.bytebuddy.dynamic.DynamicType$Builder$AbstractBase.make(DynamicType.java:3734)
at org.mockito.internal.creation.bytebuddy.InlineBytecodeGenerator.transform(InlineBytecodeGenerator.java:402)
at java.instrument/java.lang.instrument.ClassFileTransformer.transform(ClassFileTransformer.java:257)
at java.instrument/sun.instrument.TransformerManager.transform(TransformerManager.java:188)
at java.instrument/sun.instrument.InstrumentationImpl.transform(InstrumentationImpl.java:594)
at java.instrument/sun.instrument.InstrumentationImpl.retransformClasses0(Native Method)
at java.instrument/sun.instrument.InstrumentationImpl.retransformClasses(InstrumentationImpl.java:221)
at org.mockito.internal.creation.bytebuddy.InlineBytecodeGenerator.triggerRetransformation(InlineBytecodeGenerator.java:281)
... 21 more
]]>
    </error>
  </testcase> <!-- testLoginAction -->
  <testcase classname="com.alphatechsz.computerstore.unit.LoginMenuTest" name="testLoginAction" time="0.194">
    <error message="Could not modify all classes [class javax.swing.JOptionPane]" type="org.mockito.exceptions.base.MockitoException">
      <![CDATA[org.mockito.exceptions.base.MockitoException: Could not modify all classes [class javax.swing.JOptionPane]
at computerstore_test.support.JOptionPaneMock.<init>(JOptionPaneMock.java:16)
at computerstore_test.support.JOptionPaneMock.install(JOptionPaneMock.java:25)
at com.alphatechsz.computerstore.unit.LoginMenuTest.testLoginAction(LoginMenuTest.java:56)
at java.base/jdk.internal.reflect.DirectMethodHandleAccessor.invoke(DirectMethodHandleAccessor.java:104)
at java.base/java.lang.reflect.Method.invoke(Method.java:565)
at org.testng.internal.invokers.MethodInvocationHelper.invokeMethod(MethodInvocationHelper.java:141)
at org.testng.internal.invokers.TestInvoker.invokeMethod(TestInvoker.java:686)
at org.testng.internal.invokers.TestInvoker.invokeTestMethod(TestInvoker.java:230)
at org.testng.internal.invokers.TestMethodWithDataProviderMethodWorker.call(TestMethodWithDataProviderMethodWorker.java:81)
at org.testng.internal.thread.Async$AsyncTask.run(Async.java:34)
at java.base/java.util.concurrent.ThreadPoolExecutor.runWorker(ThreadPoolExecutor.java:1095)
at java.base/java.util.concurrent.ThreadPoolExecutor$Worker.run(ThreadPoolExecutor.java:619)
at java.base/java.lang.Thread.run(Thread.java:1447)
Caused by: java.lang.IllegalStateException: 
Byte Buddy could not instrument all classes within the mock's type hierarchy

This problem should never occur for javac-compiled classes. This problem has been observed for classes that are:
 - Compiled by older versions of scalac
 - Classes that are part of the Android distribution
at org.mockito.internal.creation.bytebuddy.InlineBytecodeGenerator.triggerRetransformation(InlineBytecodeGenerator.java:285)
at org.mockito.internal.creation.bytebuddy.InlineBytecodeGenerator.mockClassStatic(InlineBytecodeGenerator.java:226)
at org.mockito.internal.creation.bytebuddy.TypeCachingBytecodeGenerator.mockClassStatic(TypeCachingBytecodeGenerator.java:63)
at org.mockito.internal.creation.bytebuddy.InlineDelegateByteBuddyMockMaker.createStaticMock(InlineDelegateByteBuddyMockMaker.java:566)
at org.mockito.internal.creation.bytebuddy.InlineByteBuddyMockMaker.createStaticMock(InlineByteBuddyMockMaker.java:83)
at org.mockito.internal.util.MockUtil.createStaticMock(MockUtil.java:202)
at org.mockito.internal.MockitoCore.mockStatic(MockitoCore.java:134)
at org.mockito.Mockito.mockStatic(Mockito.java:2307)
at org.mockito.Mockito.mockStatic(Mockito.java:2244)
... 13 more
Caused by: java.lang.IllegalArgumentException: Java 24 (68) is not supported by the current version of Byte Buddy which officially supports Java 20 (64) - update Byte Buddy or set net.bytebuddy.experimental as a VM property
at net.bytebuddy.utility.OpenedClassReader.of(OpenedClassReader.java:96)
at net.bytebuddy.dynamic.scaffold.TypeWriter$Default$ForInlining.create(TypeWriter.java:4011)
at net.bytebuddy.dynamic.scaffold.TypeWriter$Default.make(TypeWriter.java:2224)
at net.bytebuddy.dynamic.DynamicType$Builder$AbstractBase$UsingTypeWriter.make(DynamicType.java:4050)
at net.bytebuddy.dynamic.DynamicType$Builder$AbstractBase.make(DynamicType.java:3734)
at org.mockito.internal.creation.bytebuddy.InlineBytecodeGenerator.transform(InlineBytecodeGenerator.java:402)
at java.instrument/java.lang.instrument.ClassFileTransformer.transform(ClassFileTransformer.java:257)
at java.instrument/sun.instrument.TransformerManager.transform(TransformerManager.java:188)
at java.instrument/sun.instrument.InstrumentationImpl.transform(InstrumentationImpl.java:594)
at java.instrument/sun.instrument.InstrumentationImpl.retransformClasses0(Native Method)
at java.instrument/sun.instrument.InstrumentationImpl.retransformClasses(InstrumentationImpl.java:221)
at org.mockito.internal.creation.bytebuddy.InlineBytecodeGenerator.triggerRetransformation(InlineBytecodeGenerator.java:281)
... 21 more
]]>
    </error>
  </testcase> <!-- testLoginAction -->
  <testcase classname="com.alphatechsz.computerstore.unit.LoginMenuTest" name="testLoginAction" time="0.233">
    <error message="Could not modify all classes [class javax.swing.JOptionPane]" type="org.mockito.exceptions.base.MockitoException">
      <![CDATA[org.mockito.exceptions.base.MockitoException: Could not modify all classes [class javax.swing.JOptionPane]
at computerstore_test.support.JOptionPaneMock.<init>(JOptionPaneMock.java:16)
at computerstore_test.support.JOptionPaneMock.install(JOptionPaneMock.java:25)
at com.alphatechsz.computerstore.unit.LoginMenuTest.testLoginAction(LoginMenuTest.java:56)
at java.base/jdk.internal.reflect.DirectMethodHandleAccessor.invoke(DirectMethodHandleAccessor.java:104)
at java.base/java.lang.reflect.Method.invoke(Method.java:565)
at org.testng.internal.invokers.MethodInvocationHelper.invokeMethod(MethodInvocationHelper.java:141)
at org.testng.internal.invokers.TestInvoker.invokeMethod(TestInvoker.java:686)
at org.testng.internal.invokers.TestInvoker.invokeTestMethod(TestInvoker.java:230)
at org.testng.internal.invokers.TestMethodWithDataProviderMethodWorker.call(TestMethodWithDataProviderMethodWorker.java:81)
at org.testng.internal.thread.Async$AsyncTask.run(Async.java:34)
at java.base/java.util.concurrent.ThreadPoolExecutor.runWorker(ThreadPoolExecutor.java:1095)
at java.base/java.util.concurrent.ThreadPoolExecutor$Worker.run(ThreadPoolExecutor.java:619)
at java.base/java.lang.Thread.run(Thread.java:1447)
Caused by: java.lang.IllegalStateException: 
Byte Buddy could not instrument all classes within the mock's type hierarchy

This problem should never occur for javac-compiled classes. This problem has been observed for classes that are:
 - Compiled by older versions of scalac
 - Classes that are part of the Android distribution
at org.mockito.internal.creation.bytebuddy.InlineBytecodeGenerator.triggerRetransformation(InlineBytecodeGenerator.java:285)
at org.mockito.internal.creation.bytebuddy.InlineBytecodeGenerator.mockClassStatic(InlineBytecodeGenerator.java:226)
at org.mockito.internal.creation.bytebuddy.TypeCachingBytecodeGenerator.mockClassStatic(TypeCachingBytecodeGenerator.java:63)
at org.mockito.internal.creation.bytebuddy.InlineDelegateByteBuddyMockMaker.createStaticMock(InlineDelegateByteBuddyMockMaker.java:566)
at org.mockito.internal.creation.bytebuddy.InlineByteBuddyMockMaker.createStaticMock(InlineByteBuddyMockMaker.java:83)
at org.mockito.internal.util.MockUtil.createStaticMock(MockUtil.java:202)
at org.mockito.internal.MockitoCore.mockStatic(MockitoCore.java:134)
at org.mockito.Mockito.mockStatic(Mockito.java:2307)
at org.mockito.Mockito.mockStatic(Mockito.java:2244)
... 13 more
Caused by: java.lang.IllegalArgumentException: Java 24 (68) is not supported by the current version of Byte Buddy which officially supports Java 20 (64) - update Byte Buddy or set net.bytebuddy.experimental as a VM property
at net.bytebuddy.utility.OpenedClassReader.of(OpenedClassReader.java:96)
at net.bytebuddy.dynamic.scaffold.TypeWriter$Default$ForInlining.create(TypeWriter.java:4011)
at net.bytebuddy.dynamic.scaffold.TypeWriter$Default.make(TypeWriter.java:2224)
at net.bytebuddy.dynamic.DynamicType$Builder$AbstractBase$UsingTypeWriter.make(DynamicType.java:4050)
at net.bytebuddy.dynamic.DynamicType$Builder$AbstractBase.make(DynamicType.java:3734)
at org.mockito.internal.creation.bytebuddy.InlineBytecodeGenerator.transform(InlineBytecodeGenerator.java:402)
at java.instrument/java.lang.instrument.ClassFileTransformer.transform(ClassFileTransformer.java:257)
at java.instrument/sun.instrument.TransformerManager.transform(TransformerManager.java:188)
at java.instrument/sun.instrument.InstrumentationImpl.transform(InstrumentationImpl.java:594)
at java.instrument/sun.instrument.InstrumentationImpl.retransformClasses0(Native Method)
at java.instrument/sun.instrument.InstrumentationImpl.retransformClasses(InstrumentationImpl.java:221)
at org.mockito.internal.creation.bytebuddy.InlineBytecodeGenerator.triggerRetransformation(InlineBytecodeGenerator.java:281)
... 21 more
]]>
    </error>
  </testcase> <!-- testLoginAction -->
  <testcase classname="com.alphatechsz.computerstore.unit.LoginMenuTest" name="testLoginAction" time="0.325">
    <error message="Could not modify all classes [class javax.swing.JOptionPane]" type="org.mockito.exceptions.base.MockitoException">
      <![CDATA[org.mockito.exceptions.base.MockitoException: Could not modify all classes [class javax.swing.JOptionPane]
at computerstore_test.support.JOptionPaneMock.<init>(JOptionPaneMock.java:16)
at computerstore_test.support.JOptionPaneMock.install(JOptionPaneMock.java:25)
at com.alphatechsz.computerstore.unit.LoginMenuTest.testLoginAction(LoginMenuTest.java:56)
at java.base/jdk.internal.reflect.DirectMethodHandleAccessor.invoke(DirectMethodHandleAccessor.java:104)
at java.base/java.lang.reflect.Method.invoke(Method.java:565)
at org.testng.internal.invokers.MethodInvocationHelper.invokeMethod(MethodInvocationHelper.java:141)
at org.testng.internal.invokers.TestInvoker.invokeMethod(TestInvoker.java:686)
at org.testng.internal.invokers.TestInvoker.invokeTestMethod(TestInvoker.java:230)
at org.testng.internal.invokers.TestMethodWithDataProviderMethodWorker.call(TestMethodWithDataProviderMethodWorker.java:81)
at org.testng.internal.thread.Async$AsyncTask.run(Async.java:34)
at java.base/java.util.concurrent.ThreadPoolExecutor.runWorker(ThreadPoolExecutor.java:1095)
at java.base/java.util.concurrent.ThreadPoolExecutor$Worker.run(ThreadPoolExecutor.java:619)
at java.base/java.lang.Thread.run(Thread.java:1447)
Caused by: java.lang.IllegalStateException: 
Byte Buddy could not instrument all classes within the mock's type hierarchy

This problem should never occur for javac-compiled classes. This problem has been observed for classes that are:
 - Compiled by older versions of scalac
 - Classes that are part of the Android distribution
at org.mockito.internal.creation.bytebuddy.InlineBytecodeGenerator.triggerRetransformation(InlineBytecodeGenerator.java:285)
at org.mockito.internal.creation.bytebuddy.InlineBytecodeGenerator.mockClassStatic(InlineBytecodeGenerator.java:226)
at org.mockito.internal.creation.bytebuddy.TypeCachingBytecodeGenerator.mockClassStatic(TypeCachingBytecodeGenerator.java:63)
at org.mockito.internal.creation.bytebuddy.InlineDelegateByteBuddyMockMaker.createStaticMock(InlineDelegateByteBuddyMockMaker.java:566)
at org.mockito.internal.creation.bytebuddy.InlineByteBuddyMockMaker.createStaticMock(InlineByteBuddyMockMaker.java:83)
at org.mockito.internal.util.MockUtil.createStaticMock(MockUtil.java:202)
at org.mockito.internal.MockitoCore.mockStatic(MockitoCore.java:134)
at org.mockito.Mockito.mockStatic(Mockito.java:2307)
at org.mockito.Mockito.mockStatic(Mockito.java:2244)
... 13 more
Caused by: java.lang.IllegalArgumentException: Java 24 (68) is not supported by the current version of Byte Buddy which officially supports Java 20 (64) - update Byte Buddy or set net.bytebuddy.experimental as a VM property
at net.bytebuddy.utility.OpenedClassReader.of(OpenedClassReader.java:96)
at net.bytebuddy.dynamic.scaffold.TypeWriter$Default$ForInlining.create(TypeWriter.java:4011)
at net.bytebuddy.dynamic.scaffold.TypeWriter$Default.make(TypeWriter.java:2224)
at net.bytebuddy.dynamic.DynamicType$Builder$AbstractBase$UsingTypeWriter.make(DynamicType.java:4050)
at net.bytebuddy.dynamic.DynamicType$Builder$AbstractBase.make(DynamicType.java:3734)
at org.mockito.internal.creation.bytebuddy.InlineBytecodeGenerator.transform(InlineBytecodeGenerator.java:402)
at java.instrument/java.lang.instrument.ClassFileTransformer.transform(ClassFileTransformer.java:257)
at java.instrument/sun.instrument.TransformerManager.transform(TransformerManager.java:188)
at java.instrument/sun.instrument.InstrumentationImpl.transform(InstrumentationImpl.java:594)
at java.instrument/sun.instrument.InstrumentationImpl.retransformClasses0(Native Method)
at java.instrument/sun.instrument.InstrumentationImpl.retransformClasses(InstrumentationImpl.java:221)
at org.mockito.internal.creation.bytebuddy.InlineBytecodeGenerator.triggerRetransformation(InlineBytecodeGenerator.java:281)
... 21 more
]]>
    </error>
  </testcase> <!-- testLoginAction -->
  <testcase classname="com.alphatechsz.computerstore.unit.LoginMenuTest" name="testLoginAction" time="0.336">
    <error message="Could not modify all classes [class javax.swing.JOptionPane]" type="org.mockito.exceptions.base.MockitoException">
      <![CDATA[org.mockito.exceptions.base.MockitoException: Could not modify all classes [class javax.swing.JOptionPane]
at computerstore_test.support.JOptionPaneMock.<init>(JOptionPaneMock.java:16)
at computerstore_test.support.JOptionPaneMock.install(JOptionPaneMock.java:25)
at com.alphatechsz.computerstore.unit.LoginMenuTest.testLoginAction(LoginMenuTest.java:56)
at java.base/jdk.internal.reflect.DirectMethodHandleAccessor.invoke(DirectMethodHandleAccessor.java:104)
at java.base/java.lang.reflect.Method.invoke(Method.java:565)
at org.testng.internal.invokers.MethodInvocationHelper.invokeMethod(MethodInvocationHelper.java:141)
at org.testng.internal.invokers.TestInvoker.invokeMethod(TestInvoker.java:686)
at org.testng.internal.invokers.TestInvoker.invokeTestMethod(TestInvoker.java:230)
at org.testng.internal.invokers.TestMethodWithDataProviderMethodWorker.call(TestMethodWithDataProviderMethodWorker.java:81)
at org.testng.internal.thread.Async$AsyncTask.run(Async.java:34)
at java.base/java.util.concurrent.ThreadPoolExecutor.runWorker(ThreadPoolExecutor.java:1095)
at java.base/java.util.concurrent.ThreadPoolExecutor$Worker.run(ThreadPoolExecutor.java:619)
at java.base/java.lang.Thread.run(Thread.java:1447)
Caused by: java.lang.IllegalStateException: 
Byte Buddy could not instrument all classes within the mock's type hierarchy

This problem should never occur for javac-compiled classes. This problem has been observed for classes that are:
 - Compiled by older versions of scalac
 - Classes that are part of the Android distribution
at org.mockito.internal.creation.bytebuddy.InlineBytecodeGenerator.triggerRetransformation(InlineBytecodeGenerator.java:285)
at org.mockito.internal.creation.bytebuddy.InlineBytecodeGenerator.mockClassStatic(InlineBytecodeGenerator.java:226)
at org.mockito.internal.creation.bytebuddy.TypeCachingBytecodeGenerator.mockClassStatic(TypeCachingBytecodeGenerator.java:63)
at org.mockito.internal.creation.bytebuddy.InlineDelegateByteBuddyMockMaker.createStaticMock(InlineDelegateByteBuddyMockMaker.java:566)
at org.mockito.internal.creation.bytebuddy.InlineByteBuddyMockMaker.createStaticMock(InlineByteBuddyMockMaker.java:83)
at org.mockito.internal.util.MockUtil.createStaticMock(MockUtil.java:202)
at org.mockito.internal.MockitoCore.mockStatic(MockitoCore.java:134)
at org.mockito.Mockito.mockStatic(Mockito.java:2307)
at org.mockito.Mockito.mockStatic(Mockito.java:2244)
... 13 more
Caused by: java.lang.IllegalArgumentException: Java 24 (68) is not supported by the current version of Byte Buddy which officially supports Java 20 (64) - update Byte Buddy or set net.bytebuddy.experimental as a VM property
at net.bytebuddy.utility.OpenedClassReader.of(OpenedClassReader.java:96)
at net.bytebuddy.dynamic.scaffold.TypeWriter$Default$ForInlining.create(TypeWriter.java:4011)
at net.bytebuddy.dynamic.scaffold.TypeWriter$Default.make(TypeWriter.java:2224)
at net.bytebuddy.dynamic.DynamicType$Builder$AbstractBase$UsingTypeWriter.make(DynamicType.java:4050)
at net.bytebuddy.dynamic.DynamicType$Builder$AbstractBase.make(DynamicType.java:3734)
at org.mockito.internal.creation.bytebuddy.InlineBytecodeGenerator.transform(InlineBytecodeGenerator.java:402)
at java.instrument/java.lang.instrument.ClassFileTransformer.transform(ClassFileTransformer.java:257)
at java.instrument/sun.instrument.TransformerManager.transform(TransformerManager.java:188)
at java.instrument/sun.instrument.InstrumentationImpl.transform(InstrumentationImpl.java:594)
at java.instrument/sun.instrument.InstrumentationImpl.retransformClasses0(Native Method)
at java.instrument/sun.instrument.InstrumentationImpl.retransformClasses(InstrumentationImpl.java:221)
at org.mockito.internal.creation.bytebuddy.InlineBytecodeGenerator.triggerRetransformation(InlineBytecodeGenerator.java:281)
... 21 more
]]>
    </error>
  </testcase> <!-- testLoginAction -->
  <testcase classname="com.alphatechsz.computerstore.unit.LoginMenuTest" name="testLoginAction" time="0.276">
    <error message="Could not modify all classes [class javax.swing.JOptionPane]" type="org.mockito.exceptions.base.MockitoException">
      <![CDATA[org.mockito.exceptions.base.MockitoException: Could not modify all classes [class javax.swing.JOptionPane]
at computerstore_test.support.JOptionPaneMock.<init>(JOptionPaneMock.java:16)
at computerstore_test.support.JOptionPaneMock.install(JOptionPaneMock.java:25)
at com.alphatechsz.computerstore.unit.LoginMenuTest.testLoginAction(LoginMenuTest.java:56)
at java.base/jdk.internal.reflect.DirectMethodHandleAccessor.invoke(DirectMethodHandleAccessor.java:104)
at java.base/java.lang.reflect.Method.invoke(Method.java:565)
at org.testng.internal.invokers.MethodInvocationHelper.invokeMethod(MethodInvocationHelper.java:141)
at org.testng.internal.invokers.TestInvoker.invokeMethod(TestInvoker.java:686)
at org.testng.internal.invokers.TestInvoker.invokeTestMethod(TestInvoker.java:230)
at org.testng.internal.invokers.TestMethodWithDataProviderMethodWorker.call(TestMethodWithDataProviderMethodWorker.java:81)
at org.testng.internal.thread.Async$AsyncTask.run(Async.java:34)
at java.base/java.util.concurrent.ThreadPoolExecutor.runWorker(ThreadPoolExecutor.java:1095)
at java.base/java.util.concurrent.ThreadPoolExecutor$Worker.run(ThreadPoolExecutor.java:619)
at java.base/java.lang.Thread.run(Thread.java:1447)
Caused by: java.lang.IllegalStateException: 
Byte Buddy could not instrument all classes within the mock's type hierarchy

This problem should never occur for javac-compiled classes. This problem has been observed for classes that are:
 - Compiled by older versions of scalac
 - Classes that are part of the Android distribution
at org.mockito.internal.creation.bytebuddy.InlineBytecodeGenerator.triggerRetransformation(InlineBytecodeGenerator.java:285)
at org.mockito.internal.creation.bytebuddy.InlineBytecodeGenerator.mockClassStatic(InlineBytecodeGenerator.java:226)
at org.mockito.internal.creation.bytebuddy.TypeCachingBytecodeGenerator.mockClassStatic(TypeCachingBytecodeGenerator.java:63)
at org.mockito.internal.creation.bytebuddy.InlineDelegateByteBuddyMockMaker.createStaticMock(InlineDelegateByteBuddyMockMaker.java:566)
at org.mockito.internal.creation.bytebuddy.InlineByteBuddyMockMaker.createStaticMock(InlineByteBuddyMockMaker.java:83)
at org.mockito.internal.util.MockUtil.createStaticMock(MockUtil.java:202)
at org.mockito.internal.MockitoCore.mockStatic(MockitoCore.java:134)
at org.mockito.Mockito.mockStatic(Mockito.java:2307)
at org.mockito.Mockito.mockStatic(Mockito.java:2244)
... 13 more
Caused by: java.lang.IllegalArgumentException: Java 24 (68) is not supported by the current version of Byte Buddy which officially supports Java 20 (64) - update Byte Buddy or set net.bytebuddy.experimental as a VM property
at net.bytebuddy.utility.OpenedClassReader.of(OpenedClassReader.java:96)
at net.bytebuddy.dynamic.scaffold.TypeWriter$Default$ForInlining.create(TypeWriter.java:4011)
at net.bytebuddy.dynamic.scaffold.TypeWriter$Default.make(TypeWriter.java:2224)
at net.bytebuddy.dynamic.DynamicType$Builder$AbstractBase$UsingTypeWriter.make(DynamicType.java:4050)
at net.bytebuddy.dynamic.DynamicType$Builder$AbstractBase.make(DynamicType.java:3734)
at org.mockito.internal.creation.bytebuddy.InlineBytecodeGenerator.transform(InlineBytecodeGenerator.java:402)
at java.instrument/java.lang.instrument.ClassFileTransformer.transform(ClassFileTransformer.java:257)
at java.instrument/sun.instrument.TransformerManager.transform(TransformerManager.java:188)
at java.instrument/sun.instrument.InstrumentationImpl.transform(InstrumentationImpl.java:594)
at java.instrument/sun.instrument.InstrumentationImpl.retransformClasses0(Native Method)
at java.instrument/sun.instrument.InstrumentationImpl.retransformClasses(InstrumentationImpl.java:221)
at org.mockito.internal.creation.bytebuddy.InlineBytecodeGenerator.triggerRetransformation(InlineBytecodeGenerator.java:281)
... 21 more
]]>
    </error>
  </testcase> <!-- testLoginAction -->
  <testcase classname="com.alphatechsz.computerstore.unit.LoginMenuTest" name="testLoginAction" time="0.290">
    <error message="Could not modify all classes [class javax.swing.JOptionPane]" type="org.mockito.exceptions.base.MockitoException">
      <![CDATA[org.mockito.exceptions.base.MockitoException: Could not modify all classes [class javax.swing.JOptionPane]
at computerstore_test.support.JOptionPaneMock.<init>(JOptionPaneMock.java:16)
at computerstore_test.support.JOptionPaneMock.install(JOptionPaneMock.java:25)
at com.alphatechsz.computerstore.unit.LoginMenuTest.testLoginAction(LoginMenuTest.java:56)
at java.base/jdk.internal.reflect.DirectMethodHandleAccessor.invoke(DirectMethodHandleAccessor.java:104)
at java.base/java.lang.reflect.Method.invoke(Method.java:565)
at org.testng.internal.invokers.MethodInvocationHelper.invokeMethod(MethodInvocationHelper.java:141)
at org.testng.internal.invokers.TestInvoker.invokeMethod(TestInvoker.java:686)
at org.testng.internal.invokers.TestInvoker.invokeTestMethod(TestInvoker.java:230)
at org.testng.internal.invokers.TestMethodWithDataProviderMethodWorker.call(TestMethodWithDataProviderMethodWorker.java:81)
at org.testng.internal.thread.Async$AsyncTask.run(Async.java:34)
at java.base/java.util.concurrent.ThreadPoolExecutor.runWorker(ThreadPoolExecutor.java:1095)
at java.base/java.util.concurrent.ThreadPoolExecutor$Worker.run(ThreadPoolExecutor.java:619)
at java.base/java.lang.Thread.run(Thread.java:1447)
Caused by: java.lang.IllegalStateException: 
Byte Buddy could not instrument all classes within the mock's type hierarchy

This problem should never occur for javac-compiled classes. This problem has been observed for classes that are:
 - Compiled by older versions of scalac
 - Classes that are part of the Android distribution
at org.mockito.internal.creation.bytebuddy.InlineBytecodeGenerator.triggerRetransformation(InlineBytecodeGenerator.java:285)
at org.mockito.internal.creation.bytebuddy.InlineBytecodeGenerator.mockClassStatic(InlineBytecodeGenerator.java:226)
at org.mockito.internal.creation.bytebuddy.TypeCachingBytecodeGenerator.mockClassStatic(TypeCachingBytecodeGenerator.java:63)
at org.mockito.internal.creation.bytebuddy.InlineDelegateByteBuddyMockMaker.createStaticMock(InlineDelegateByteBuddyMockMaker.java:566)
at org.mockito.internal.creation.bytebuddy.InlineByteBuddyMockMaker.createStaticMock(InlineByteBuddyMockMaker.java:83)
at org.mockito.internal.util.MockUtil.createStaticMock(MockUtil.java:202)
at org.mockito.internal.MockitoCore.mockStatic(MockitoCore.java:134)
at org.mockito.Mockito.mockStatic(Mockito.java:2307)
at org.mockito.Mockito.mockStatic(Mockito.java:2244)
... 13 more
Caused by: java.lang.IllegalArgumentException: Java 24 (68) is not supported by the current version of Byte Buddy which officially supports Java 20 (64) - update Byte Buddy or set net.bytebuddy.experimental as a VM property
at net.bytebuddy.utility.OpenedClassReader.of(OpenedClassReader.java:96)
at net.bytebuddy.dynamic.scaffold.TypeWriter$Default$ForInlining.create(TypeWriter.java:4011)
at net.bytebuddy.dynamic.scaffold.TypeWriter$Default.make(TypeWriter.java:2224)
at net.bytebuddy.dynamic.DynamicType$Builder$AbstractBase$UsingTypeWriter.make(DynamicType.java:4050)
at net.bytebuddy.dynamic.DynamicType$Builder$AbstractBase.make(DynamicType.java:3734)
at org.mockito.internal.creation.bytebuddy.InlineBytecodeGenerator.transform(InlineBytecodeGenerator.java:402)
at java.instrument/java.lang.instrument.ClassFileTransformer.transform(ClassFileTransformer.java:257)
at java.instrument/sun.instrument.TransformerManager.transform(TransformerManager.java:188)
at java.instrument/sun.instrument.InstrumentationImpl.transform(InstrumentationImpl.java:594)
at java.instrument/sun.instrument.InstrumentationImpl.retransformClasses0(Native Method)
at java.instrument/sun.instrument.InstrumentationImpl.retransformClasses(InstrumentationImpl.java:221)
at org.mockito.internal.creation.bytebuddy.InlineBytecodeGenerator.triggerRetransformation(InlineBytecodeGenerator.java:281)
... 21 more
]]>
    </error>
  </testcase> <!-- testLoginAction -->
  <testcase classname="com.alphatechsz.computerstore.unit.LoginMenuTest" name="testLoginAction" time="0.188">
    <error message="Could not modify all classes [class javax.swing.JOptionPane]" type="org.mockito.exceptions.base.MockitoException">
      <![CDATA[org.mockito.exceptions.base.MockitoException: Could not modify all classes [class javax.swing.JOptionPane]
at computerstore_test.support.JOptionPaneMock.<init>(JOptionPaneMock.java:16)
at computerstore_test.support.JOptionPaneMock.install(JOptionPaneMock.java:25)
at com.alphatechsz.computerstore.unit.LoginMenuTest.testLoginAction(LoginMenuTest.java:56)
at java.base/jdk.internal.reflect.DirectMethodHandleAccessor.invoke(DirectMethodHandleAccessor.java:104)
at java.base/java.lang.reflect.Method.invoke(Method.java:565)
at org.testng.internal.invokers.MethodInvocationHelper.invokeMethod(MethodInvocationHelper.java:141)
at org.testng.internal.invokers.TestInvoker.invokeMethod(TestInvoker.java:686)
at org.testng.internal.invokers.TestInvoker.invokeTestMethod(TestInvoker.java:230)
at org.testng.internal.invokers.TestMethodWithDataProviderMethodWorker.call(TestMethodWithDataProviderMethodWorker.java:81)
at org.testng.internal.thread.Async$AsyncTask.run(Async.java:34)
at java.base/java.util.concurrent.ThreadPoolExecutor.runWorker(ThreadPoolExecutor.java:1095)
at java.base/java.util.concurrent.ThreadPoolExecutor$Worker.run(ThreadPoolExecutor.java:619)
at java.base/java.lang.Thread.run(Thread.java:1447)
Caused by: java.lang.IllegalStateException: 
Byte Buddy could not instrument all classes within the mock's type hierarchy

This problem should never occur for javac-compiled classes. This problem has been observed for classes that are:
 - Compiled by older versions of scalac
 - Classes that are part of the Android distribution
at org.mockito.internal.creation.bytebuddy.InlineBytecodeGenerator.triggerRetransformation(InlineBytecodeGenerator.java:285)
at org.mockito.internal.creation.bytebuddy.InlineBytecodeGenerator.mockClassStatic(InlineBytecodeGenerator.java:226)
at org.mockito.internal.creation.bytebuddy.TypeCachingBytecodeGenerator.mockClassStatic(TypeCachingBytecodeGenerator.java:63)
at org.mockito.internal.creation.bytebuddy.InlineDelegateByteBuddyMockMaker.createStaticMock(InlineDelegateByteBuddyMockMaker.java:566)
at org.mockito.internal.creation.bytebuddy.InlineByteBuddyMockMaker.createStaticMock(InlineByteBuddyMockMaker.java:83)
at org.mockito.internal.util.MockUtil.createStaticMock(MockUtil.java:202)
at org.mockito.internal.MockitoCore.mockStatic(MockitoCore.java:134)
at org.mockito.Mockito.mockStatic(Mockito.java:2307)
at org.mockito.Mockito.mockStatic(Mockito.java:2244)
... 13 more
Caused by: java.lang.IllegalArgumentException: Java 24 (68) is not supported by the current version of Byte Buddy which officially supports Java 20 (64) - update Byte Buddy or set net.bytebuddy.experimental as a VM property
at net.bytebuddy.utility.OpenedClassReader.of(OpenedClassReader.java:96)
at net.bytebuddy.dynamic.scaffold.TypeWriter$Default$ForInlining.create(TypeWriter.java:4011)
at net.bytebuddy.dynamic.scaffold.TypeWriter$Default.make(TypeWriter.java:2224)
at net.bytebuddy.dynamic.DynamicType$Builder$AbstractBase$UsingTypeWriter.make(DynamicType.java:4050)
at net.bytebuddy.dynamic.DynamicType$Builder$AbstractBase.make(DynamicType.java:3734)
at org.mockito.internal.creation.bytebuddy.InlineBytecodeGenerator.transform(InlineBytecodeGenerator.java:402)
at java.instrument/java.lang.instrument.ClassFileTransformer.transform(ClassFileTransformer.java:257)
at java.instrument/sun.instrument.TransformerManager.transform(TransformerManager.java:188)
at java.instrument/sun.instrument.InstrumentationImpl.transform(InstrumentationImpl.java:594)
at java.instrument/sun.instrument.InstrumentationImpl.retransformClasses0(Native Method)
at java.instrument/sun.instrument.InstrumentationImpl.retransformClasses(InstrumentationImpl.java:221)
at org.mockito.internal.creation.bytebuddy.InlineBytecodeGenerator.triggerRetransformation(InlineBytecodeGenerator.java:281)
... 21 more
]]>
    </error>
  </testcase> <!-- testLoginAction -->
  <testcase classname="com.alphatechsz.computerstore.unit.LoginMenuTest" name="testLoginAction" time="0.150">
    <error message="Could not modify all classes [class javax.swing.JOptionPane]" type="org.mockito.exceptions.base.MockitoException">
      <![CDATA[org.mockito.exceptions.base.MockitoException: Could not modify all classes [class javax.swing.JOptionPane]
at computerstore_test.support.JOptionPaneMock.<init>(JOptionPaneMock.java:16)
at computerstore_test.support.JOptionPaneMock.install(JOptionPaneMock.java:25)
at com.alphatechsz.computerstore.unit.LoginMenuTest.testLoginAction(LoginMenuTest.java:56)
at java.base/jdk.internal.reflect.DirectMethodHandleAccessor.invoke(DirectMethodHandleAccessor.java:104)
at java.base/java.lang.reflect.Method.invoke(Method.java:565)
at org.testng.internal.invokers.MethodInvocationHelper.invokeMethod(MethodInvocationHelper.java:141)
at org.testng.internal.invokers.TestInvoker.invokeMethod(TestInvoker.java:686)
at org.testng.internal.invokers.TestInvoker.invokeTestMethod(TestInvoker.java:230)
at org.testng.internal.invokers.TestMethodWithDataProviderMethodWorker.call(TestMethodWithDataProviderMethodWorker.java:81)
at org.testng.internal.thread.Async$AsyncTask.run(Async.java:34)
at java.base/java.util.concurrent.ThreadPoolExecutor.runWorker(ThreadPoolExecutor.java:1095)
at java.base/java.util.concurrent.ThreadPoolExecutor$Worker.run(ThreadPoolExecutor.java:619)
at java.base/java.lang.Thread.run(Thread.java:1447)
Caused by: java.lang.IllegalStateException: 
Byte Buddy could not instrument all classes within the mock's type hierarchy

This problem should never occur for javac-compiled classes. This problem has been observed for classes that are:
 - Compiled by older versions of scalac
 - Classes that are part of the Android distribution
at org.mockito.internal.creation.bytebuddy.InlineBytecodeGenerator.triggerRetransformation(InlineBytecodeGenerator.java:285)
at org.mockito.internal.creation.bytebuddy.InlineBytecodeGenerator.mockClassStatic(InlineBytecodeGenerator.java:226)
at org.mockito.internal.creation.bytebuddy.TypeCachingBytecodeGenerator.mockClassStatic(TypeCachingBytecodeGenerator.java:63)
at org.mockito.internal.creation.bytebuddy.InlineDelegateByteBuddyMockMaker.createStaticMock(InlineDelegateByteBuddyMockMaker.java:566)
at org.mockito.internal.creation.bytebuddy.InlineByteBuddyMockMaker.createStaticMock(InlineByteBuddyMockMaker.java:83)
at org.mockito.internal.util.MockUtil.createStaticMock(MockUtil.java:202)
at org.mockito.internal.MockitoCore.mockStatic(MockitoCore.java:134)
at org.mockito.Mockito.mockStatic(Mockito.java:2307)
at org.mockito.Mockito.mockStatic(Mockito.java:2244)
... 13 more
Caused by: java.lang.IllegalArgumentException: Java 24 (68) is not supported by the current version of Byte Buddy which officially supports Java 20 (64) - update Byte Buddy or set net.bytebuddy.experimental as a VM property
at net.bytebuddy.utility.OpenedClassReader.of(OpenedClassReader.java:96)
at net.bytebuddy.dynamic.scaffold.TypeWriter$Default$ForInlining.create(TypeWriter.java:4011)
at net.bytebuddy.dynamic.scaffold.TypeWriter$Default.make(TypeWriter.java:2224)
at net.bytebuddy.dynamic.DynamicType$Builder$AbstractBase$UsingTypeWriter.make(DynamicType.java:4050)
at net.bytebuddy.dynamic.DynamicType$Builder$AbstractBase.make(DynamicType.java:3734)
at org.mockito.internal.creation.bytebuddy.InlineBytecodeGenerator.transform(InlineBytecodeGenerator.java:402)
at java.instrument/java.lang.instrument.ClassFileTransformer.transform(ClassFileTransformer.java:257)
at java.instrument/sun.instrument.TransformerManager.transform(TransformerManager.java:188)
at java.instrument/sun.instrument.InstrumentationImpl.transform(InstrumentationImpl.java:594)
at java.instrument/sun.instrument.InstrumentationImpl.retransformClasses0(Native Method)
at java.instrument/sun.instrument.InstrumentationImpl.retransformClasses(InstrumentationImpl.java:221)
at org.mockito.internal.creation.bytebuddy.InlineBytecodeGenerator.triggerRetransformation(InlineBytecodeGenerator.java:281)
... 21 more
]]>
    </error>
  </testcase> <!-- testLoginAction -->
</testsuite> <!-- com.alphatechsz.computerstore.unit.LoginMenuTest -->
