<?xml version="1.0" encoding="UTF-8"?>
<!-- Generated by org.testng.reporters.JUnitReportReporter -->
<testsuite hostname="Hamizersz" failures="0" tests="43" name="computerstore_test.unit.ComputerGettersAndSettersTest" time="0.011" errors="0" timestamp="2025-08-15T05:56:36 MYT" skipped="0">
  <testcase classname="computerstore_test.unit.ComputerGettersAndSettersTest" name="storageSetGet" time="0.001"/>
  <testcase classname="computerstore_test.unit.ComputerGettersAndSettersTest" name="storageSetGet" time="0.000"/>
  <testcase classname="computerstore_test.unit.ComputerGettersAndSettersTest" name="ramSetGetHandlesValues" time="0.001"/>
  <testcase classname="computerstore_test.unit.ComputerGettersAndSettersTest" name="storageSetGet" time="0.000"/>
  <testcase classname="computerstore_test.unit.ComputerGettersAndSettersTest" name="motherboardSetGet" time="0.000"/>
  <testcase classname="computerstore_test.unit.ComputerGettersAndSettersTest" name="cpuSetGet" time="0.003"/>
  <testcase classname="computerstore_test.unit.ComputerGettersAndSettersTest" name="gpuSetGet" time="0.000"/>
  <testcase classname="computerstore_test.unit.ComputerGettersAndSettersTest" name="gpuSetGet" time="0.000"/>
  <testcase classname="computerstore_test.unit.ComputerGettersAndSettersTest" name="storageSetGet" time="0.000"/>
  <testcase classname="computerstore_test.unit.ComputerGettersAndSettersTest" name="ramSetGetHandlesValues" time="0.001"/>
  <testcase classname="computerstore_test.unit.ComputerGettersAndSettersTest" name="gpuSetGet" time="0.000"/>
  <testcase classname="computerstore_test.unit.ComputerGettersAndSettersTest" name="ramSetGetHandlesValues" time="0.000"/>
  <testcase classname="computerstore_test.unit.ComputerGettersAndSettersTest" name="gpuSetGet" time="0.000"/>
  <testcase classname="computerstore_test.unit.ComputerGettersAndSettersTest" name="ramSetGetHandlesValues" time="0.000"/>
  <testcase classname="computerstore_test.unit.ComputerGettersAndSettersTest" name="storageSetGet" time="0.000"/>
  <testcase classname="computerstore_test.unit.ComputerGettersAndSettersTest" name="ramSetGetHandlesValues" time="0.000"/>
  <testcase classname="computerstore_test.unit.ComputerGettersAndSettersTest" name="gpuSetGet" time="0.000"/>
  <testcase classname="computerstore_test.unit.ComputerGettersAndSettersTest" name="cpuSetGet" time="0.001"/>
  <testcase classname="computerstore_test.unit.ComputerGettersAndSettersTest" name="cpuSetGet" time="0.000"/>
  <testcase classname="computerstore_test.unit.ComputerGettersAndSettersTest" name="gpuSetGet" time="0.000"/>
  <testcase classname="computerstore_test.unit.ComputerGettersAndSettersTest" name="ramSetGetHandlesValues" time="0.002"/>
  <testcase classname="computerstore_test.unit.ComputerGettersAndSettersTest" name="storageSetGet" time="0.000"/>
  <testcase classname="computerstore_test.unit.ComputerGettersAndSettersTest" name="storageSetGet" time="0.000"/>
  <testcase classname="computerstore_test.unit.ComputerGettersAndSettersTest" name="ramSetGetHandlesValues" time="0.000"/>
  <testcase classname="computerstore_test.unit.ComputerGettersAndSettersTest" name="motherboardSetGet" time="0.000"/>
  <testcase classname="computerstore_test.unit.ComputerGettersAndSettersTest" name="cpuSetGet" time="0.000"/>
  <testcase classname="computerstore_test.unit.ComputerGettersAndSettersTest" name="storageSetGet" time="0.001"/>
  <testcase classname="computerstore_test.unit.ComputerGettersAndSettersTest" name="ramSetGetHandlesValues" time="0.000"/>
  <testcase classname="computerstore_test.unit.ComputerGettersAndSettersTest" name="ramSetGetHandlesValues" time="0.000"/>
  <testcase classname="computerstore_test.unit.ComputerGettersAndSettersTest" name="cpuSetGet" time="0.000"/>
  <testcase classname="computerstore_test.unit.ComputerGettersAndSettersTest" name="storageSetGet" time="0.000"/>
  <testcase classname="computerstore_test.unit.ComputerGettersAndSettersTest" name="motherboardSetGet" time="0.000"/>
  <testcase classname="computerstore_test.unit.ComputerGettersAndSettersTest" name="cpuSetGet" time="0.000"/>
  <testcase classname="computerstore_test.unit.ComputerGettersAndSettersTest" name="storageSetGet" time="0.000"/>
  <testcase classname="computerstore_test.unit.ComputerGettersAndSettersTest" name="motherboardSetGet" time="0.000"/>
  <testcase classname="computerstore_test.unit.ComputerGettersAndSettersTest" name="storageSetGet" time="0.000"/>
  <testcase classname="computerstore_test.unit.ComputerGettersAndSettersTest" name="gpuSetGet" time="0.000"/>
  <testcase classname="computerstore_test.unit.ComputerGettersAndSettersTest" name="storageSetGet" time="0.000"/>
  <testcase classname="computerstore_test.unit.ComputerGettersAndSettersTest" name="ramSetGetHandlesValues" time="0.000"/>
  <testcase classname="computerstore_test.unit.ComputerGettersAndSettersTest" name="ramSetGetHandlesValues" time="0.000"/>
  <testcase classname="computerstore_test.unit.ComputerGettersAndSettersTest" name="ramSetGetHandlesValues" time="0.000"/>
  <testcase classname="computerstore_test.unit.ComputerGettersAndSettersTest" name="ramSetGetHandlesValues" time="0.000"/>
  <testcase classname="computerstore_test.unit.ComputerGettersAndSettersTest" name="gpuSetGet" time="0.001"/>
</testsuite> <!-- computerstore_test.unit.ComputerGettersAndSettersTest -->
