<?xml version="1.0" encoding="UTF-8"?>
<!-- Generated by org.testng.reporters.JUnitReportReporter -->
<testsuite hostname="Hamizersz" failures="0" tests="43" name="computerstore_test.units.ComputerGettersAndSettersTest" time="0.006" errors="0" timestamp="2025-08-14T12:06:53 MYT" skipped="0">
  <testcase classname="computerstore_test.units.ComputerGettersAndSettersTest" name="gpu_set_get" time="0.000"/>
  <testcase classname="computerstore_test.units.ComputerGettersAndSettersTest" name="storage_set_get" time="0.000"/>
  <testcase classname="computerstore_test.units.ComputerGettersAndSettersTest" name="storage_set_get" time="0.000"/>
  <testcase classname="computerstore_test.units.ComputerGettersAndSettersTest" name="storage_set_get" time="0.000"/>
  <testcase classname="computerstore_test.units.ComputerGettersAndSettersTest" name="ram_set_get_handlesValues" time="0.000"/>
  <testcase classname="computerstore_test.units.ComputerGettersAndSettersTest" name="cpu_set_get" time="0.000"/>
  <testcase classname="computerstore_test.units.ComputerGettersAndSettersTest" name="storage_set_get" time="0.000"/>
  <testcase classname="computerstore_test.units.ComputerGettersAndSettersTest" name="storage_set_get" time="0.000"/>
  <testcase classname="computerstore_test.units.ComputerGettersAndSettersTest" name="gpu_set_get" time="0.000"/>
  <testcase classname="computerstore_test.units.ComputerGettersAndSettersTest" name="ram_set_get_handlesValues" time="0.000"/>
  <testcase classname="computerstore_test.units.ComputerGettersAndSettersTest" name="ram_set_get_handlesValues" time="0.000"/>
  <testcase classname="computerstore_test.units.ComputerGettersAndSettersTest" name="cpu_set_get" time="0.002"/>
  <testcase classname="computerstore_test.units.ComputerGettersAndSettersTest" name="motherboard_set_get" time="0.000"/>
  <testcase classname="computerstore_test.units.ComputerGettersAndSettersTest" name="cpu_set_get" time="0.000"/>
  <testcase classname="computerstore_test.units.ComputerGettersAndSettersTest" name="motherboard_set_get" time="0.000"/>
  <testcase classname="computerstore_test.units.ComputerGettersAndSettersTest" name="ram_set_get_handlesValues" time="0.000"/>
  <testcase classname="computerstore_test.units.ComputerGettersAndSettersTest" name="storage_set_get" time="0.000"/>
  <testcase classname="computerstore_test.units.ComputerGettersAndSettersTest" name="motherboard_set_get" time="0.000"/>
  <testcase classname="computerstore_test.units.ComputerGettersAndSettersTest" name="ram_set_get_handlesValues" time="0.000"/>
  <testcase classname="computerstore_test.units.ComputerGettersAndSettersTest" name="ram_set_get_handlesValues" time="0.000"/>
  <testcase classname="computerstore_test.units.ComputerGettersAndSettersTest" name="cpu_set_get" time="0.000"/>
  <testcase classname="computerstore_test.units.ComputerGettersAndSettersTest" name="ram_set_get_handlesValues" time="0.000"/>
  <testcase classname="computerstore_test.units.ComputerGettersAndSettersTest" name="motherboard_set_get" time="0.000"/>
  <testcase classname="computerstore_test.units.ComputerGettersAndSettersTest" name="gpu_set_get" time="0.000"/>
  <testcase classname="computerstore_test.units.ComputerGettersAndSettersTest" name="ram_set_get_handlesValues" time="0.000"/>
  <testcase classname="computerstore_test.units.ComputerGettersAndSettersTest" name="storage_set_get" time="0.001"/>
  <testcase classname="computerstore_test.units.ComputerGettersAndSettersTest" name="ram_set_get_handlesValues" time="0.000"/>
  <testcase classname="computerstore_test.units.ComputerGettersAndSettersTest" name="gpu_set_get" time="0.000"/>
  <testcase classname="computerstore_test.units.ComputerGettersAndSettersTest" name="gpu_set_get" time="0.000"/>
  <testcase classname="computerstore_test.units.ComputerGettersAndSettersTest" name="gpu_set_get" time="0.000"/>
  <testcase classname="computerstore_test.units.ComputerGettersAndSettersTest" name="ram_set_get_handlesValues" time="0.001"/>
  <testcase classname="computerstore_test.units.ComputerGettersAndSettersTest" name="gpu_set_get" time="0.000"/>
  <testcase classname="computerstore_test.units.ComputerGettersAndSettersTest" name="cpu_set_get" time="0.000"/>
  <testcase classname="computerstore_test.units.ComputerGettersAndSettersTest" name="storage_set_get" time="0.000"/>
  <testcase classname="computerstore_test.units.ComputerGettersAndSettersTest" name="storage_set_get" time="0.000"/>
  <testcase classname="computerstore_test.units.ComputerGettersAndSettersTest" name="cpu_set_get" time="0.001"/>
  <testcase classname="computerstore_test.units.ComputerGettersAndSettersTest" name="ram_set_get_handlesValues" time="0.000"/>
  <testcase classname="computerstore_test.units.ComputerGettersAndSettersTest" name="storage_set_get" time="0.000"/>
  <testcase classname="computerstore_test.units.ComputerGettersAndSettersTest" name="ram_set_get_handlesValues" time="0.000"/>
  <testcase classname="computerstore_test.units.ComputerGettersAndSettersTest" name="gpu_set_get" time="0.000"/>
  <testcase classname="computerstore_test.units.ComputerGettersAndSettersTest" name="ram_set_get_handlesValues" time="0.000"/>
  <testcase classname="computerstore_test.units.ComputerGettersAndSettersTest" name="storage_set_get" time="0.000"/>
  <testcase classname="computerstore_test.units.ComputerGettersAndSettersTest" name="storage_set_get" time="0.001"/>
</testsuite> <!-- computerstore_test.units.ComputerGettersAndSettersTest -->
