<?xml version="1.0" encoding="UTF-8"?>
<!-- Generated by org.testng.reporters.JUnitReportReporter -->
<testsuite hostname="Hamizersz" failures="0" tests="2" name="computerstore_test.units.ComputerConstructorTest" time="0.006" errors="0" timestamp="2025-08-14T12:02:45 MYT" skipped="0">
  <testcase classname="computerstore_test.units.ComputerConstructorTest" name="parameterizedConstructor_setsAllFields" time="0.001"/>
  <testcase classname="computerstore_test.units.ComputerConstructorTest" name="defaultConstructor_initializesExpectedDefaults" time="0.005"/>
</testsuite> <!-- computerstore_test.units.ComputerConstructorTest -->
